2020 09 01 05:27 Uptime.log was created
2020 09 01 05:27 Bot Program was started
2020 09 01 05:27 Bot connection to Discord count: 0
Bot Program was not shutdown properly
2020 09 01 05:30 Bot Program was started
2020 09 01 05:30 Bot connection to Discord count: 0
Bot Program was not shutdown properly
2020 09 02 03:23 Bot Program was started
2020 09 02 03:23 Bot connection to Discord count: 0
Bot Program was not shutdown properly
2020 09 02 03:39 Bot Program was started
2020 09 02 03:39 Bot connection to Discord count: 0
Bot Program was not shutdown properly
2020 09 02 03:41 Bot Program was started
2020 09 02 03:41 Bot connection to Discord count: 0
Bot Program was not shutdown properly
2020 09 02 03:43 Bot Program was started
2020 09 02 03:43 Bot connection to Discord count: 0
Bot Program was not shutdown properly
2020 09 02 03:47 Bot Program was started
2020 09 02 03:47 Bot connection to Discord count: 0
Bot Program was not shutdown properly
2020 09 02 03:51 Bot Program was started
2020 09 02 03:51 Bot connection to Discord count: 0
Bot Program was not shutdown properly
2020 09 02 03:53 Bot Program was started
2020 09 02 03:53 Bot connection to Discord count: 0
Bot Program was not shutdown properly
2020 09 02 03:56 Bot Program was started
2020 09 02 03:56 Bot connection to Discord count: 0
Bot Program was not shutdown properly
2020 09 02 03:57 Bot Program was started
2020 09 02 03:57 Bot connection to Discord count: 0
Bot Program was not shutdown properly
2020 09 02 04:03 Bot Program was started
2020 09 02 04:03 Bot connection to Discord count: 0
2020 09 02 04:04 Bot was successfully shutdown
Bot Program was not shutdown properly
2020 09 02 04:07 Bot Program was started
2020 09 02 04:07 Bot connection to Discord count: 0
Bot Program was not shutdown properly
2020 09 02 04:10 Bot Program was started
2020 09 02 04:10 Bot connection to Discord count: 0
Bot Program was not shutdown properly
2020 09 02 04:22 Bot Program was started
2020 09 02 04:22 Bot connection to Discord count: 0
Bot Program was not shutdown properly
2020 09 02 04:24 Bot Program was started
2020 09 02 04:24 Bot connection to Discord count: 0
Bot Program was not shutdown properly
2020 09 02 04:29 Bot Program was started
2020 09 02 04:29 Bot connection to Discord count: 0
Bot Program was not shutdown properly
2020 09 02 04:32 Bot Program was started
2020 09 02 04:32 Bot connection to Discord count: 0
Bot Program was not shutdown properly
2020 09 02 04:41 Bot Program was started
2020 09 02 04:41 Bot connection to Discord count: 0
Bot Program was not shutdown properly
2020 09 02 04:43 Bot Program was started
2020 09 02 04:44 Bot connection to Discord count: 0
Bot Program was not shutdown properly
2020 09 02 04:47 Bot Program was started
2020 09 02 04:47 Bot connection to Discord count: 0
Bot Program was not shutdown properly
2020 09 02 04:49 Bot Program was started
2020 09 02 04:49 Bot connection to Discord count: 0
Bot Program was not shutdown properly
2020 09 02 04:53 Bot Program was started
2020 09 02 04:53 Bot connection to Discord count: 0
Bot Program was not shutdown properly
2020 09 02 04:54 Bot Program was started
2020 09 02 04:54 Bot connection to Discord count: 0
Bot Program was not shutdown properly
2020 09 02 06:58 Bot Program was started
Bot Program was not shutdown properly
2020 09 02 07:01 Bot Program was started
2020 09 02 07:01 Bot connection to Discord count: 0
Bot Program was not shutdown properly
2020 09 02 07:09 Bot Program was started
2020 09 02 07:09 Bot connection to Discord count: 0
Bot Program was not shutdown properly
2020 09 02 07:17 Bot Program was started
2020 09 02 07:17 Bot connection to Discord count: 0
Bot Program was not shutdown properly
2020 09 02 07:24 Bot Program was started
2020 09 02 07:24 Bot connection to Discord count: 0
2020 09 02 07:26 Bot was successfully shutdown
Bot Program was not shutdown properly
2020 09 02 07:28 Bot Program was started
2020 09 02 07:28 Bot connection to Discord count: 0
2020 09 02 07:39 Bot was successfully shutdown
Bot Program was not shutdown properly
2020 09 02 07:39 Bot Program was started
2020 09 02 07:39 Bot connection to Discord count: 0
Bot Program was not shutdown properly
2020 09 02 07:45 Bot Program was started
2020 09 02 07:45 Bot connection to Discord count: 0
Bot Program was not shutdown properly
2020 09 02 07:47 Bot Program was started
2020 09 02 07:48 Bot connection to Discord count: 0
Bot Program was not shutdown properly
2020 09 02 07:57 Bot Program was started
2020 09 02 07:57 Bot connection to Discord count: 0
Bot Program was not shutdown properly
2020 09 02 07:59 Bot Program was started
2020 09 02 07:59 Bot connection to Discord count: 0
Bot Program was not shutdown properly
2020 09 02 08:00 Bot Program was started
2020 09 02 08:00 Bot connection to Discord count: 0
Bot Program was not shutdown properly
2020 09 02 08:15 Bot Program was started
2020 09 02 08:15 Bot connection to Discord count: 0
Bot Program was not shutdown properly
2020 09 02 08:19 Bot Program was started
2020 09 02 08:19 Bot connection to Discord count: 0
Bot Program was not shutdown properly
2020 09 02 08:20 Bot Program was started
2020 09 02 08:20 Bot connection to Discord count: 0
Bot Program was not shutdown properly
2020 09 02 08:37 Bot Program was started
2020 09 02 08:37 Bot connection to Discord count: 0
Bot Program was not shutdown properly
2020 09 02 08:45 Bot Program was started
2020 09 02 08:45 Bot connection to Discord count: 0
Bot Program was not shutdown properly
2020 09 02 08:53 Bot Program was started
2020 09 02 08:53 Bot connection to Discord count: 0
Bot Program was not shutdown properly
2020 09 02 08:58 Bot Program was started
2020 09 02 08:58 Bot connection to Discord count: 0
Bot Program was not shutdown properly
2020 09 02 08:59 Bot Program was started
2020 09 02 08:59 Bot connection to Discord count: 0
Bot Program was not shutdown properly
2020 09 02 09:05 Bot Program was started
2020 09 02 09:05 Bot connection to Discord count: 0
Bot Program was not shutdown properly
2020 09 02 09:07 Bot Program was started
2020 09 02 09:08 Bot connection to Discord count: 0
Bot Program was not shutdown properly
2020 09 02 09:17 Bot Program was started
2020 09 02 09:17 Bot connection to Discord count: 0
Bot Program was not shutdown properly
2020 09 02 09:21 Bot Program was started
2020 09 02 09:22 Bot connection to Discord count: 0
Bot Program was not shutdown properly
2020 09 02 09:30 Bot Program was started
2020 09 02 09:30 Bot connection to Discord count: 0
Bot Program was not shutdown properly
2020 09 02 09:38 Bot Program was started
2020 09 02 09:38 Bot connection to Discord count: 0
Bot Program was not shutdown properly
2020 09 02 09:46 Bot Program was started
2020 09 02 09:46 Bot connection to Discord count: 0
Bot Program was not shutdown properly
2020 09 02 09:47 Bot Program was started
2020 09 02 09:47 Bot connection to Discord count: 0
Bot Program was not shutdown properly
2020 09 03 01-38-29 Bot Program was started
2020 09 03 01-38-31 Bot connection to Discord count: 0
Bot Program was not shutdown properly
2020 09 03 01-48-55 Bot Program was started
2020 09 03 01-48-58 Bot connection to Discord count: 0
Bot Program was not shutdown properly
2020 09 03 01-51-38 Bot Program was started
2020 09 03 01-51-40 Bot connection to Discord count: 0
Bot Program was not shutdown properly
2020 09 03 01-56-01 Bot Program was started
2020 09 03 01-56-03 Bot connection to Discord count: 0
Bot Program was not shutdown properly
2020 09 03 06-26-36 Bot Program was started
2020 09 03 06-26-39 Bot connection to Discord count: 0
Bot Program was not shutdown properly
2020 09 03 06-30-15 Bot Program was started
Bot Program was not shutdown properly
2020 09 03 06-30-32 Bot Program was started
Bot Program was not shutdown properly
2020 09 03 06-31-43 Bot Program was started
Bot Program was not shutdown properly
2020 09 03 06-32-23 Bot Program was started
Bot Program was not shutdown properly
2020 09 03 06-32-48 Bot Program was started
Bot Program was not shutdown properly
2020 09 03 06-33-25 Bot Program was started
Bot Program was not shutdown properly
2020 09 03 06-33-55 Bot Program was started
Bot Program was not shutdown properly
2020 09 03 06-34-38 Bot Program was started
Bot Program was not shutdown properly
2020 09 03 06-35-17 Bot Program was started
2020 09 03 06-35-19 Bot connection to Discord count: 0
Bot Program was not shutdown properly
2020 09 03 07-01-21 Bot Program was started
2020 09 03 07-01-23 Bot connection to Discord count: 0
Bot Program was not shutdown properly
2020 09 03 07-36-05 Bot Program was started
2020 09 03 07-36-08 Bot connection to Discord count: 0
Bot Program was not shutdown properly
2020 09 03 07-39-36 Bot Program was started
2020 09 03 07-39-39 Bot connection to Discord count: 0
Bot Program was not shutdown properly
2020 09 03 07-41-13 Bot Program was started
2020 09 03 07-41-16 Bot connection to Discord count: 0
Bot Program was not shutdown properly
2020 09 03 07-43-06 Bot Program was started
2020 09 03 07-43-09 Bot connection to Discord count: 0
Bot Program was not shutdown properly
2020 09 03 07-55-42 Bot Program was started
2020 09 03 07-55-45 Bot connection to Discord count: 0
Bot Program was not shutdown properly
2020 09 03 07-57-04 Bot Program was started
2020 09 03 07-57-07 Bot connection to Discord count: 0
Bot Program was not shutdown properly
2020 09 03 12-15-14 Bot Program was started
2020 09 03 12-15-17 Bot connection to Discord count: 0
Bot Program was not shutdown properly
2020 09 03 12-17-32 Bot Program was started
2020 09 03 12-17-34 Bot connection to Discord count: 0
Bot Program was not shutdown properly
2020 09 03 12-20-44 Bot Program was started
2020 09 03 12-20-46 Bot connection to Discord count: 0
Bot Program was not shutdown properly
2020 09 03 12-23-56 Bot Program was started
2020 09 03 12-23-58 Bot connection to Discord count: 0
Bot Program was not shutdown properly
2020 09 03 12-24-43 Bot Program was started
2020 09 03 12-24-45 Bot connection to Discord count: 0
Bot Program was not shutdown properly
2020 09 03 12-25-39 Bot Program was started
2020 09 03 12-25-41 Bot connection to Discord count: 0
Bot Program was not shutdown properly
2020 09 03 12-31-34 Bot Program was started
2020 09 03 12-31-36 Bot connection to Discord count: 0
2020 09 03 12-37-48 Bot resumed connection to Discord
Bot Program was not shutdown properly
2020 09 03 12-39-03 Bot Program was started
2020 09 03 12-39-12 Bot connection to Discord count: 0
Bot Program was not shutdown properly
2020 09 03 12-40-26 Bot Program was started
2020 09 03 12-40-29 Bot connection to Discord count: 0
Bot Program was not shutdown properly
2020 09 03 12-53-39 Bot Program was started
2020 09 03 12-53-41 Bot connection to Discord count: 0
Bot Program was not shutdown properly
2020 09 03 13-00-59 Bot Program was started
2020 09 03 13-01-02 Bot connection to Discord count: 0
Bot Program was not shutdown properly
2020 09 03 13-02-43 Bot Program was started
2020 09 03 13-02-45 Bot connection to Discord count: 0
Bot Program was not shutdown properly
2020 09 03 13-03-07 Bot Program was started
2020 09 03 13-03-10 Bot connection to Discord count: 0
Bot Program was not shutdown properly
2020 09 03 13-04-08 Bot Program was started
2020 09 03 13-04-11 Bot connection to Discord count: 0
Bot Program was not shutdown properly
2020 09 03 13-05-33 Bot Program was started
2020 09 03 13-05-35 Bot connection to Discord count: 0
Bot Program was not shutdown properly
2020 09 03 13-05-59 Bot Program was started
2020 09 03 13-06-02 Bot connection to Discord count: 0
Bot Program was not shutdown properly
2020 09 03 13-09-09 Bot Program was started
2020 09 03 13-09-12 Bot connection to Discord count: 0
Bot Program was not shutdown properly
2020 09 03 13-14-00 Bot Program was started
2020 09 03 13-14-02 Bot connection to Discord count: 0
Bot Program was not shutdown properly
2020 09 03 13-14-40 Bot Program was started
2020 09 03 13-14-42 Bot connection to Discord count: 0
Bot Program was not shutdown properly
2020 09 03 13-16-17 Bot Program was started
2020 09 03 13-16-19 Bot connection to Discord count: 0
Bot Program was not shutdown properly
2020 09 03 13-18-40 Bot Program was started
2020 09 03 13-18-42 Bot connection to Discord count: 0
Bot Program was not shutdown properly
2020 09 03 13-22-19 Bot Program was started
2020 09 03 13-22-21 Bot connection to Discord count: 0
Bot Program was not shutdown properly
2020 09 03 13-23-55 Bot Program was started
Bot Program was not shutdown properly
2020 09 03 13-31-36 Bot Program was started
Bot Program was not shutdown properly
2020 09 03 13-32-05 Bot Program was started
Bot Program was not shutdown properly
2020 09 03 13-33-03 Bot Program was started
Bot Program was not shutdown properly
2020 09 03 13-34-19 Bot Program was started
2020 09 03 13-34-22 Bot connection to Discord count: 0
Bot Program was not shutdown properly
2020 09 03 13-36-06 Bot Program was started
2020 09 03 13-36-09 Bot connection to Discord count: 0
Bot Program was not shutdown properly
2020 09 03 13-38-07 Bot Program was started
2020 09 03 13-38-10 Bot connection to Discord count: 0
Bot Program was not shutdown properly
2020 09 03 13-45-08 Bot Program was started
2020 09 03 13-45-11 Bot connection to Discord count: 0
Bot Program was not shutdown properly
2020 09 03 13-45-57 Bot Program was started
2020 09 03 13-46-00 Bot connection to Discord count: 0
Bot Program was not shutdown properly
2020 09 03 14-10-13 Bot Program was started
2020 09 03 14-10-15 Bot connection to Discord count: 0
2020 09 03 14-27-53 Bot connection to Discord count: 1
2020 09 03 14-28-43 Bot resumed connection to Discord
2020 09 03 16-52-21 Bot connection to Discord count: 2
2020 09 03 20-15-50 Bot resumed connection to Discord
2020 09 03 23-02-48 Bot resumed connection to Discord
2020 09 03 23-35-43 Bot connection to Discord count: 3
2020 09 04 22-38-43 Bot connection to Discord count: 4
2020 09 05 00-37-18 Bot resumed connection to Discord
2020 09 05 01-06-40 Bot resumed connection to Discord
2020 09 05 02-44-51 Bot resumed connection to Discord
2020 09 05 02-54-59 Bot resumed connection to Discord
2020 09 05 04-03-20 Bot resumed connection to Discord
2020 09 05 05-22-34 Bot resumed connection to Discord
2020 09 05 06-28-13 Bot resumed connection to Discord
2020 09 05 09-09-59 Bot resumed connection to Discord
2020 09 05 12-00-38 Bot resumed connection to Discord
2020 09 05 15-07-19 Bot resumed connection to Discord
2020 09 05 17-34-18 Bot resumed connection to Discord
2020 09 05 21-02-15 Bot resumed connection to Discord
2020 09 05 23-09-05 Bot resumed connection to Discord
2020 09 06 00-15-51 Bot was successfully shutdown
Bot Program was not shutdown properly
2020 09 06 00-17-51 Bot Program was started
2020 09 06 00-17-55 Bot connection to Discord count: 0
2020 09 06 00-26-55 Bot was successfully shutdown
Bot Program was not shutdown properly
2020 09 06 00-30-43 Bot Program was started
2020 09 06 00-30-46 Bot connection to Discord count: 0
2020 09 06 00-31-32 Bot was successfully shutdown
Bot Program was not shutdown properly
2020 09 06 00-33-34 Bot Program was started
2020 09 06 00-33-37 Bot connection to Discord count: 0
2020 09 06 00-34-29 Bot was successfully shutdown
Bot Program was not shutdown properly
2020 09 06 00-35-26 Bot Program was started
2020 09 06 00-35-29 Bot connection to Discord count: 0
Bot Program was not shutdown properly
2020 09 06 00-41-43 Bot Program was started
2020 09 06 00-41-46 Bot connection to Discord count: 0
2020 09 06 00-45-59 Bot was successfully shutdown
Bot Program was not shutdown properly
2020 09 06 01-28-46 Bot Program was started
2020 09 06 01-28-49 Bot connection to Discord count: 0
2020 09 06 01-31-54 Bot was successfully shutdown
Bot Program was not shutdown properly
2020 09 06 13-45-18 Bot Program was started
2020 09 06 13-45-22 Bot connection to Discord count: 0
Bot Program was not shutdown properly
2020 09 06 13-58-08 Bot Program was started
2020 09 06 13-58-11 Bot connection to Discord count: 0
2020 09 06 13-59-51 Bot was successfully shutdown
2020 09 06 13-59-51 Bot DISconnected from Discord
Bot Program was not shutdown properly
2020 09 06 14-18-15 Bot Program was started
2020 09 06 14-18-18 Bot connection to Discord count: 0
2020 09 06 14-20-07 Bot was successfully shutdown
2020 09 06 14-20-07 Bot DISconnected from Discord
Bot Program was not shutdown properly
2020 09 06 14-24-37 Bot Program was started
2020 09 06 14-24-40 Bot connection to Discord count: 0
2020 09 06 14-24-52 Bot was successfully shutdown
2020 09 06 14-24-52 Bot DISconnected from Discord
Bot Program was not shutdown properly
2020 09 06 14-25-06 Bot Program was started
2020 09 06 14-25-08 Bot connection to Discord count: 0
2020 09 06 14-25-13 Bot was successfully shutdown
2020 09 06 14-25-13 Bot DISconnected from Discord
Bot Program was not shutdown properly
2020 09 06 14-25-52 Bot Program was started
2020 09 06 14-25-55 Bot connection to Discord count: 0
2020 09 06 14-26-06 Bot was successfully shutdown
2020 09 06 14-26-06 Bot DISconnected from Discord
Bot Program was not shutdown properly
2020 09 06 14-26-52 Bot Program was started
2020 09 06 14-26-54 Bot connection to Discord count: 0
Bot Program was not shutdown properly
2020 09 06 14-35-08 Bot Program was started
2020 09 06 14-35-11 Bot connection to Discord count: 0
Bot Program was not shutdown properly
2020 09 06 14-37-55 Bot Program was started
2020 09 06 14-37-57 Bot connection to Discord count: 0
Bot Program was not shutdown properly
2020 09 06 14-46-38 Bot Program was started
2020 09 06 14-46-40 Bot connection to Discord count: 0
Bot Program was not shutdown properly
2020 09 06 14-47-28 Bot Program was started
2020 09 06 14-47-31 Bot connection to Discord count: 0
Bot Program was not shutdown properly
2020 09 06 14-47-51 Bot Program was started
2020 09 06 14-47-53 Bot connection to Discord count: 0
2020 09 06 14-50-36 Bot was successfully shutdown
2020 09 06 14-50-36 Bot DISconnected from Discord
Bot Program was not shutdown properly
2020 09 06 14-56-19 Bot Program was started
2020 09 06 14-56-21 Bot connection to Discord count: 0
Bot Program was not shutdown properly
2020 09 06 15-10-38 Bot Program was started
2020 09 06 15-10-41 Bot connection to Discord count: 0
Bot Program was not shutdown properly
2020 09 06 15-14-20 Bot Program was started
2020 09 06 15-14-22 Bot connection to Discord count: 0
Bot Program was not shutdown properly
2020 09 06 15-16-47 Bot Program was started
2020 09 06 15-16-49 Bot connection to Discord count: 0
Bot Program was not shutdown properly
2020 09 06 15-26-38 Bot Program was started
2020 09 06 15-26-41 Bot connection to Discord count: 0
Bot Program was not shutdown properly
2020 09 06 15-30-10 Bot Program was started
2020 09 06 15-30-12 Bot connection to Discord count: 0
Bot Program was not shutdown properly
2020 09 06 15-34-00 Bot Program was started
2020 09 06 15-34-03 Bot connection to Discord count: 0
Bot Program was not shutdown properly
2020 09 06 15-43-37 Bot Program was started
2020 09 06 15-43-40 Bot connection to Discord count: 0
Bot Program was not shutdown properly
2020 09 06 15-46-47 Bot Program was started
2020 09 06 15-46-49 Bot connection to Discord count: 0
Bot Program was not shutdown properly
2020 09 06 16-04-14 Bot Program was started
2020 09 06 16-04-17 Bot connection to Discord count: 0
Bot Program was not shutdown properly
2020 09 06 16-05-40 Bot Program was started
2020 09 06 16-05-43 Bot connection to Discord count: 0
Bot Program was not shutdown properly
2020 09 06 16-07-46 Bot Program was started
2020 09 06 16-07-48 Bot connection to Discord count: 0
Bot Program was not shutdown properly
2020 09 06 16-11-50 Bot Program was started
2020 09 06 16-11-53 Bot connection to Discord count: 0
Bot Program was not shutdown properly
2020 09 06 16-12-10 Bot Program was started
2020 09 06 16-12-12 Bot connection to Discord count: 0
Bot Program was not shutdown properly
2020 09 06 16-17-53 Bot Program was started
2020 09 06 16-17-56 Bot connection to Discord count: 0
Bot Program was not shutdown properly
2020 09 06 16-18-56 Bot Program was started
2020 09 06 16-18-59 Bot connection to Discord count: 0
Bot Program was not shutdown properly
2020 09 06 16-21-11 Bot Program was started
2020 09 06 16-21-14 Bot connection to Discord count: 0
Bot Program was not shutdown properly
2020 09 06 16-35-31 Bot Program was started
2020 09 06 16-35-34 Bot connection to Discord count: 0
Bot Program was not shutdown properly
2020 09 06 16-38-56 Bot Program was started
2020 09 06 16-38-58 Bot connection to Discord count: 0
Bot Program was not shutdown properly
2020 09 06 16-39-28 Bot Program was started
2020 09 06 16-39-31 Bot connection to Discord count: 0
Bot Program was not shutdown properly
2020 09 06 16-39-48 Bot Program was started
2020 09 06 16-39-50 Bot connection to Discord count: 0
Bot Program was not shutdown properly
2020 09 07 08-50-26 Bot Program was started
2020 09 07 08-50-30 Bot connection to Discord count: 0
Bot Program was not shutdown properly
2020 09 07 08-51-43 Bot Program was started
2020 09 07 08-51-45 Bot connection to Discord count: 0
Bot Program was not shutdown properly
2020 09 07 09-43-04 Bot Program was started
2020 09 07 09-43-07 Bot connection to Discord count: 0
Bot Program was not shutdown properly
2020 09 07 09-55-52 Bot Program was started
Bot Program was not shutdown properly
2020 09 07 09-56-42 Bot Program was started
2020 09 07 09-56-44 Bot connection to Discord count: 0
Bot Program was not shutdown properly
2020 09 07 09-58-26 Bot Program was started
2020 09 07 09-58-29 Bot connection to Discord count: 0
Bot Program was not shutdown properly
2020 09 07 10-00-58 Bot Program was started
2020 09 07 10-01-01 Bot connection to Discord count: 0
Bot Program was not shutdown properly
2020 09 07 10-01-51 Bot Program was started
2020 09 07 10-01-54 Bot connection to Discord count: 0
Bot Program was not shutdown properly
2020 09 07 10-03-15 Bot Program was started
2020 09 07 10-03-18 Bot connection to Discord count: 0
Bot Program was not shutdown properly
2020 09 07 10-08-12 Bot Program was started
2020 09 07 10-08-16 Bot connection to Discord count: 0
2020 09 07 10-09-09 Bot was successfully shutdown
2020 09 07 10-09-09 Bot DISconnected from Discord
Bot Program was not shutdown properly
2020 09 07 10-09-21 Bot Program was started
2020 09 07 10-09-24 Bot connection to Discord count: 0
Bot Program was not shutdown properly
2020 09 07 10-28-01 Bot Program was started
2020 09 07 10-28-05 Bot connection to Discord count: 0
Bot Program was not shutdown properly
2020 09 07 10-45-07 Bot Program was started
2020 09 07 10-45-10 Bot connection to Discord count: 0
Bot Program was not shutdown properly
2020 09 07 10-53-58 Bot Program was started
Bot Program was not shutdown properly
2020 09 07 10-54-21 Bot Program was started
2020 09 07 10-54-24 Bot connection to Discord count: 0
Bot Program was not shutdown properly
2020 09 12 16-15-31 Bot Program was started
2020 09 12 16-15-37 Bot connection to Discord count: 0
Bot Program was not shutdown properly
2020 09 12 16-19-00 Bot Program was started
2020 09 12 16-19-02 Bot connection to Discord count: 0
Bot Program was not shutdown properly
2020 09 12 16-22-17 Bot Program was started
2020 09 12 16-22-20 Bot connection to Discord count: 0
Bot Program was not shutdown properly
2020 09 12 16-37-31 Bot Program was started
2020 09 12 16-37-34 Bot connection to Discord count: 0
Bot Program was not shutdown properly
2020 09 12 20-47-47 Bot Program was started
2020 09 12 20-47-50 Bot connection to Discord count: 0
Bot Program was not shutdown properly
2020 09 12 21-16-21 Bot Program was started
2020 09 12 21-16-24 Bot connection to Discord count: 0
Bot Program was not shutdown properly
2020 09 14 18-14-04 Bot Program was started
2020 09 14 18-14-09 Bot connection to Discord count: 0
Bot Program was not shutdown properly
2020 09 16 19-03-01 Bot Program was started
2020 09 16 19-03-06 Bot connection to Discord count: 0
Bot Program was not shutdown properly
2020 09 16 19-05-01 Bot Program was started
2020 09 16 19-05-04 Bot connection to Discord count: 0
Bot Program was not shutdown properly
2020 09 16 19-13-48 Bot Program was started
2020 09 16 19-13-50 Bot connection to Discord count: 0
Bot Program was not shutdown properly
2020 09 16 19-14-40 Bot Program was started
2020 09 16 19-14-43 Bot connection to Discord count: 0
Bot Program was not shutdown properly
2020 09 16 19-32-44 Bot Program was started
2020 09 16 19-32-47 Bot connection to Discord count: 0
Bot Program was not shutdown properly
2020 09 16 19-33-18 Bot Program was started
2020 09 16 19-33-20 Bot connection to Discord count: 0
Bot Program was not shutdown properly
2020 09 16 19-33-30 Bot Program was started
2020 09 16 19-33-32 Bot connection to Discord count: 0
Bot Program was not shutdown properly
2020 09 16 19-47-18 Bot Program was started
2020 09 16 19-47-21 Bot connection to Discord count: 0
Bot Program was not shutdown properly
2020 09 16 19-59-02 Bot Program was started
2020 09 16 19-59-05 Bot connection to Discord count: 0
Bot Program was not shutdown properly
2020 09 16 20-02-06 Bot Program was started
2020 09 16 20-02-09 Bot connection to Discord count: 0
Bot Program was not shutdown properly
2020 09 16 20-04-33 Bot Program was started
2020 09 16 20-04-36 Bot connection to Discord count: 0
Bot Program was not shutdown properly
2020 09 16 20-09-18 Bot Program was started
2020 09 16 20-09-21 Bot connection to Discord count: 0
Bot Program was not shutdown properly
2020 09 16 20-09-46 Bot Program was started
2020 09 16 20-09-49 Bot connection to Discord count: 0
Bot Program was not shutdown properly
2020 09 16 21-41-02 Bot Program was started
2020 09 16 21-41-05 Bot connection to Discord count: 0
Bot Program was not shutdown properly
2020 09 16 21-42-56 Bot Program was started
2020 09 16 21-42-59 Bot connection to Discord count: 0
Bot Program was not shutdown properly
2020 09 16 21-43-52 Bot Program was started
2020 09 16 21-43-55 Bot connection to Discord count: 0
Bot Program was not shutdown properly
2020 09 16 21-45-05 Bot Program was started
2020 09 16 21-45-07 Bot connection to Discord count: 0
Bot Program was not shutdown properly
2020 09 16 21-53-43 Bot Program was started
Bot Program was not shutdown properly
2020 09 16 21-57-19 Bot Program was started
Bot Program was not shutdown properly
2020 09 16 21-58-56 Bot Program was started
2020 09 16 21-58-59 Bot connection to Discord count: 0
Bot Program was not shutdown properly
2020 09 16 22-00-23 Bot Program was started
2020 09 16 22-00-27 Bot connection to Discord count: 0
Bot Program was not shutdown properly
2020 09 16 22-00-55 Bot Program was started
2020 09 16 22-00-58 Bot connection to Discord count: 0
Bot Program was not shutdown properly
2020 09 16 22-01-23 Bot Program was started
2020 09 16 22-01-26 Bot connection to Discord count: 0
Bot Program was not shutdown properly
2020 09 16 22-04-10 Bot Program was started
2020 09 16 22-04-12 Bot connection to Discord count: 0
Bot Program was not shutdown properly
2020 09 16 22-05-00 Bot Program was started
2020 09 16 22-05-03 Bot connection to Discord count: 0
Bot Program was not shutdown properly
2020 09 16 22-05-27 Bot Program was started
2020 09 16 22-05-30 Bot connection to Discord count: 0
Bot Program was not shutdown properly
2020 09 16 22-07-08 Bot Program was started
2020 09 16 22-07-11 Bot connection to Discord count: 0
Bot Program was not shutdown properly
2020 09 16 22-09-40 Bot Program was started
2020 09 16 22-09-42 Bot connection to Discord count: 0
Bot Program was not shutdown properly
2020 09 16 22-18-08 Bot Program was started
2020 09 16 22-18-11 Bot connection to Discord count: 0
Bot Program was not shutdown properly
2020 09 16 22-20-56 Bot Program was started
2020 09 16 22-20-59 Bot connection to Discord count: 0
Bot Program was not shutdown properly
2020 09 17 16-32-58 Bot Program was started
Bot Program was not shutdown properly
2020 09 17 16-34-14 Bot Program was started
2020 09 17 16-34-17 Bot connection to Discord count: 0
Bot Program was not shutdown properly
2020 09 17 16-36-00 Bot Program was started
2020 09 17 16-36-03 Bot connection to Discord count: 0
Bot Program was not shutdown properly
2020 09 17 16-37-09 Bot Program was started
2020 09 17 16-37-12 Bot connection to Discord count: 0
Bot Program was not shutdown properly
2020 09 17 16-52-09 Bot Program was started
2020 09 17 16-52-11 Bot connection to Discord count: 0
Bot Program was not shutdown properly
2020 09 17 16-58-07 Bot Program was started
2020 09 17 16-58-09 Bot connection to Discord count: 0
Bot Program was not shutdown properly
2020 09 17 16-59-07 Bot Program was started
2020 09 17 16-59-09 Bot connection to Discord count: 0
Bot Program was not shutdown properly
2020 09 17 17-00-07 Bot Program was started
2020 09 17 17-00-09 Bot connection to Discord count: 0
Bot Program was not shutdown properly
2020 09 17 17-12-44 Bot Program was started
2020 09 17 17-12-46 Bot connection to Discord count: 0
Bot Program was not shutdown properly
2020 09 17 18-56-23 Bot Program was started
2020 09 17 18-56-26 Bot connection to Discord count: 0
Bot Program was not shutdown properly
2020 09 17 18-57-03 Bot Program was started
2020 09 17 18-57-06 Bot connection to Discord count: 0
Bot Program was not shutdown properly
2020 09 17 18-58-19 Bot Program was started
2020 09 17 18-58-22 Bot connection to Discord count: 0
Bot Program was not shutdown properly
2020 09 17 18-58-40 Bot Program was started
2020 09 17 18-58-42 Bot connection to Discord count: 0
Bot Program was not shutdown properly
2020 09 17 19-07-20 Bot Program was started
2020 09 17 19-07-22 Bot connection to Discord count: 0
Bot Program was not shutdown properly
2020 09 17 19-09-08 Bot Program was started
2020 09 17 19-09-12 Bot connection to Discord count: 0
Bot Program was not shutdown properly
2020 09 17 19-13-20 Bot Program was started
2020 09 17 19-13-24 Bot connection to Discord count: 0
Bot Program was not shutdown properly
2020 09 17 19-26-08 Bot Program was started
2020 09 17 19-26-13 Bot connection to Discord count: 0
Bot Program was not shutdown properly
2020 09 17 19-30-32 Bot Program was started
2020 09 17 19-30-36 Bot connection to Discord count: 0
Bot Program was not shutdown properly
2020 09 18 16-43-21 Bot Program was started
2020 09 18 16-43-25 Bot connection to Discord count: 0
Bot Program was not shutdown properly
2020 09 18 16-46-50 Bot Program was started
2020 09 18 16-46-54 Bot connection to Discord count: 0
Bot Program was not shutdown properly
2020 09 18 16-51-00 Bot Program was started
2020 09 18 16-51-04 Bot connection to Discord count: 0
2020 09 18 16-53-04 Bot was successfully shutdown
2020 09 18 16-53-04 Bot DISconnected from Discord
Bot Program was not shutdown properly
2020 09 20 04-22-29 Bot Program was started
2020 09 20 04-22-36 Bot connection to Discord count: 0
2020 09 20 04-24-23 Bot was successfully shutdown
2020 09 20 04-24-23 Bot DISconnected from Discord
Bot Program was not shutdown properly
2020 09 20 06-29-20 Bot Program was started
2020 09 20 06-29-24 Bot connection to Discord count: 0
2020 09 20 06-32-14 Bot was successfully shutdown
2020 09 20 06-32-14 Bot DISconnected from Discord
Bot Program was not shutdown properly
2020 09 20 06-41-42 Bot Program was started
2020 09 20 06-41-46 Bot connection to Discord count: 0
Bot Program was not shutdown properly
2020 09 20 06-51-14 Bot Program was started
2020 09 20 06-51-17 Bot connection to Discord count: 0
2020 09 20 06-53-43 Bot was successfully shutdown
2020 09 20 06-53-43 Bot DISconnected from Discord
Bot Program was not shutdown properly
2020 09 20 06-58-17 Bot Program was started
2020 09 20 06-58-21 Bot connection to Discord count: 0
Bot Program was not shutdown properly
2020 09 21 02-27-12 Bot Program was started
2020 09 21 02-27-18 Bot connection to Discord count: 0
Bot Program was not shutdown properly
2020 09 21 02-32-34 Bot Program was started
2020 09 21 02-32-38 Bot connection to Discord count: 0
2020 09 21 02-34-34 Bot was successfully shutdown
2020 09 21 02-34-34 Bot DISconnected from Discord
Bot Program was not shutdown properly
2020 09 21 02-40-36 Bot Program was started
2020 09 21 02-40-40 Bot connection to Discord count: 0
Bot Program was not shutdown properly
2020 09 21 02-51-30 Bot Program was started
2020 09 21 02-51-34 Bot connection to Discord count: 0
Bot Program was not shutdown properly
2020 09 21 02-52-43 Bot Program was started
2020 09 21 02-52-48 Bot connection to Discord count: 0
Bot Program was not shutdown properly
2020 09 21 03-19-48 Bot Program was started
2020 09 21 03-19-52 Bot connection to Discord count: 0
Bot Program was not shutdown properly
2020 09 21 04-44-16 Bot Program was started
2020 09 21 04-44-21 Bot connection to Discord count: 0
2020 09 21 04-59-59 Bot DISconnected from Discord
2020 09 21 05-00-00 Bot resumed connection to Discord
Bot Program was not shutdown properly
2020 09 21 21-52-23 Bot Program was started
2020 09 21 21-52-27 Bot connection to Discord count: 0
2020 09 21 21-56-52 Bot was successfully shutdown
2020 09 21 21-56-52 Bot DISconnected from Discord
Bot Program was not shutdown properly
2020 09 21 21-58-50 Bot Program was started
2020 09 21 21-58-54 Bot connection to Discord count: 0
Bot Program was not shutdown properly
2020 09 21 22-08-31 Bot Program was started
2020 09 21 22-08-38 Bot connection to Discord count: 0
2020 09 21 22-10-19 Bot was successfully shutdown
2020 09 21 22-10-19 Bot DISconnected from Discord
Bot Program was not shutdown properly
2020 09 22 15-11-17 Bot Program was started
2020 09 22 15-11-24 Bot connection to Discord count: 0
Bot Program was not shutdown properly
2020 09 22 15-14-05 Bot Program was started
2020 09 22 15-14-09 Bot connection to Discord count: 0
Bot Program was not shutdown properly
2020 09 22 17-21-38 Bot Program was started
2020 09 22 17-21-42 Bot connection to Discord count: 0
Bot Program was not shutdown properly
2020 09 22 17-29-57 Bot Program was started
2020 09 22 17-30-01 Bot connection to Discord count: 0
Bot Program was not shutdown properly
2020 09 22 17-32-15 Bot Program was started
2020 09 22 17-32-18 Bot connection to Discord count: 0
2020 09 22 17-34-52 Bot was successfully shutdown
2020 09 22 17-34-52 Bot DISconnected from Discord
Bot Program was not shutdown properly
2020 09 22 17-36-01 Bot Program was started
2020 09 22 17-36-05 Bot connection to Discord count: 0
2020 09 22 17-38-14 Bot was successfully shutdown
2020 09 22 17-38-14 Bot DISconnected from Discord
Bot Program was not shutdown properly
2020 09 22 17-43-42 Bot Program was started
2020 09 22 17-43-47 Bot connection to Discord count: 0
2020 09 22 17-48-28 Bot was successfully shutdown
2020 09 22 17-48-28 Bot DISconnected from Discord
Bot Program was not shutdown properly
2020 09 22 18-01-22 Bot Program was started
2020 09 22 18-01-27 Bot connection to Discord count: 0
Bot Program was not shutdown properly
2020 09 23 22-52-11 Bot Program was started
2020 09 23 22-52-18 Bot connection to Discord count: 0
Bot Program was not shutdown properly
2020 09 23 22-53-55 Bot Program was started
2020 09 23 22-54-00 Bot connection to Discord count: 0
Bot Program was not shutdown properly
2020 09 23 22-54-55 Bot Program was started
2020 09 23 22-55-00 Bot connection to Discord count: 0
2020 09 23 22-55-12 Bot was successfully shutdown
2020 09 23 22-55-12 Bot DISconnected from Discord
2020 09 23 23-25-09 Bot was successfully shutdown
2020 09 23 23-25-09 Bot DISconnected from Discord
Bot Program was not shutdown properly
2020 09 23 23-25-33 Bot Program was started
2020 09 23 23-25-38 Bot connection to Discord count: 0
Bot Program was not shutdown properly
2020 09 23 23-27-58 Bot Program was started
2020 09 23 23-28-03 Bot connection to Discord count: 0
Bot Program was not shutdown properly
2020 09 23 23-45-47 Bot Program was started
2020 09 23 23-45-52 Bot connection to Discord count: 0
Bot Program was not shutdown properly
2020 09 23 23-49-31 Bot Program was started
2020 09 23 23-49-35 Bot connection to Discord count: 0
Bot Program was not shutdown properly
2020 09 23 23-56-15 Bot Program was started
2020 09 23 23-56-20 Bot connection to Discord count: 0
Bot Program was not shutdown properly
2020 09 24 00-01-53 Bot Program was started
2020 09 24 00-01-58 Bot connection to Discord count: 0
2020 09 24 01-21-25 Bot Program was started
2020 09 24 01-21-30 Bot connection to Discord count: 0
2020 09 24 01-24-55 Bot Program was started
2020 09 24 01-24-57 Bot connection to Discord count: 0
2020 09 24 01-37-38 Bot Program was started
2020 09 24 01-37-41 Bot connection to Discord count: 0
2020 09 24 01-40-29 Bot Program was started
2020 09 24 01-40-34 Bot connection to Discord count: 0
2020 09 24 02-55-56 Bot Program was started
2020 09 24 02-56-00 Bot connection to Discord count: 0
2020 09 24 16-11-31 Bot Program was started
2020 09 24 16-14-47 Bot Program was started
2020 09 24 16-14-51 Bot connection to Discord count: 0
2020 09 24 16-22-48 Bot Program was started
2020 09 24 16-22-53 Bot connection to Discord count: 0
2020 09 24 16-27-35 Bot Program was started
2020 09 24 16-27-39 Bot connection to Discord count: 0
2020 09 24 16-28-34 Bot Program was started
2020 09 24 16-28-39 Bot connection to Discord count: 0
2020 09 24 16-31-53 Bot Program was started
2020 09 24 16-31-58 Bot connection to Discord count: 0
2020 09 24 16-32-44 Bot Program was started
2020 09 24 16-32-49 Bot connection to Discord count: 0
2020 09 24 16-36-15 Bot Program was started
2020 09 24 16-36-19 Bot connection to Discord count: 0
2020 09 26 21-09-13 Bot Program was started
2020 09 26 21-09-20 Bot connection to Discord count: 0
2020 09 26 21-21-25 Bot Program was started
2020 09 26 21-21-30 Bot connection to Discord count: 0
2020 09 26 21-22-26 Bot was successfully shutdown
2020 09 26 21-22-26 Bot DISconnected from Discord
2020 09 26 21-24-26 Bot Program was started
2020 09 26 21-24-31 Bot connection to Discord count: 0
2020 09 26 21-44-58 Bot was successfully shutdown
2020 09 26 21-44-58 Bot DISconnected from Discord
2020 09 26 21-55-12 Bot Program was started
2020 09 26 21-55-17 Bot connection to Discord count: 0
2020 09 26 21-59-35 Bot Program was started
2020 09 26 21-59-39 Bot connection to Discord count: 0
2020 09 26 22-00-55 Bot Program was started
2020 09 26 22-00-59 Bot connection to Discord count: 0
2020 09 26 22-06-32 Bot Program was started
2020 09 26 22-06-36 Bot connection to Discord count: 0
2020 09 26 22-09-40 Bot was successfully shutdown
2020 09 26 22-09-40 Bot DISconnected from Discord
2020 09 26 22-13-55 Bot Program was started
2020 09 26 22-14-00 Bot connection to Discord count: 0
2020 09 26 22-16-09 Bot Program was started
2020 09 26 22-16-13 Bot connection to Discord count: 0
2020 09 26 22-20-21 Bot was successfully shutdown
2020 09 26 22-20-21 Bot DISconnected from Discord
2020 09 26 22-24-11 Bot Program was started
2020 09 26 22-24-16 Bot connection to Discord count: 0
2020 09 26 22-27-01 Bot Program was started
2020 09 26 22-27-05 Bot connection to Discord count: 0
2020 09 26 22-29-15 Bot was successfully shutdown
2020 09 26 22-29-15 Bot DISconnected from Discord
2020 09 26 22-46-50 Bot Program was started
2020 09 26 22-46-54 Bot connection to Discord count: 0
2020 09 26 22-49-01 Bot was successfully shutdown
2020 09 26 22-49-01 Bot DISconnected from Discord
2020 09 26 22-50-06 Bot Program was started
2020 09 26 22-50-10 Bot connection to Discord count: 0
2020 09 26 22-56-50 Bot Program was started
2020 09 26 22-56-54 Bot connection to Discord count: 0
2020 09 27 00-29-20 Bot Program was started
2020 09 27 00-29-24 Bot connection to Discord count: 0
2020 09 27 00-30-01 Bot Program was started
2020 09 27 00-30-05 Bot connection to Discord count: 0
2020 09 27 00-31-20 Bot Program was started
2020 09 27 00-31-25 Bot connection to Discord count: 0
2020 09 27 00-34-20 Bot was successfully shutdown
2020 09 27 00-34-20 Bot DISconnected from Discord
2020 09 27 00-38-42 Bot Program was started
2020 09 27 00-38-47 Bot connection to Discord count: 0
2020 09 27 00-43-49 Bot Program was started
2020 09 27 00-43-53 Bot connection to Discord count: 0
2020 09 27 00-45-16 Bot Program was started
2020 09 27 00-45-20 Bot connection to Discord count: 0
2020 09 27 00-45-57 Bot Program was started
2020 09 27 00-46-01 Bot connection to Discord count: 0
2020 09 27 00-49-29 Bot was successfully shutdown
2020 09 27 00-49-29 Bot DISconnected from Discord
2020 09 27 00-51-01 Bot Program was started
2020 09 27 00-51-05 Bot connection to Discord count: 0
2020 09 27 00-52-55 Bot was successfully shutdown
2020 09 27 00-52-55 Bot DISconnected from Discord
2020 09 27 00-55-22 Bot Program was started
2020 09 27 00-55-27 Bot connection to Discord count: 0
2020 09 27 00-56-52 Bot Program was started
2020 09 27 00-56-56 Bot connection to Discord count: 0
2020 09 27 00-58-39 Bot was successfully shutdown
2020 09 27 00-58-39 Bot DISconnected from Discord
2020 09 27 00-59-06 Bot Program was started
2020 09 27 00-59-10 Bot connection to Discord count: 0
2020 09 27 01-07-25 Bot was successfully shutdown
2020 09 27 01-07-25 Bot DISconnected from Discord
2020 09 27 01-08-28 Bot Program was started
2020 09 27 01-08-32 Bot connection to Discord count: 0
2020 09 27 01-15-12 Bot Program was started
2020 09 27 01-15-18 Bot connection to Discord count: 0
2020 09 27 01-47-31 Bot Program was started
2020 09 27 01-47-36 Bot connection to Discord count: 0
2020 09 27 01-48-21 Bot Program was started
2020 09 27 01-48-25 Bot connection to Discord count: 0
2020 09 27 01-49-22 Bot Program was started
2020 09 27 01-49-27 Bot connection to Discord count: 0
2020 09 28 02-04-21 Bot Program was started
2020 09 28 02-04-26 Bot connection to Discord count: 0
2020 09 28 02-11-43 Bot was successfully shutdown
2020 09 28 02-11-43 Bot DISconnected from Discord
2020 09 28 02-17-15 Bot Program was started
2020 09 28 02-17-20 Bot connection to Discord count: 0
2020 09 28 02-35-12 Bot Program was started
2020 09 28 02-35-17 Bot connection to Discord count: 0
2020 09 28 02-36-45 Bot was successfully shutdown
2020 09 28 02-36-45 Bot DISconnected from Discord
2020 09 28 02-37-45 Bot Program was started
2020 09 28 02-37-50 Bot connection to Discord count: 0
2020 09 28 02-39-16 Bot Program was started
2020 09 28 02-39-21 Bot connection to Discord count: 0
2020 09 28 02-40-46 Bot was successfully shutdown
2020 09 28 02-40-46 Bot DISconnected from Discord
2020 09 28 02-44-09 Bot Program was started
2020 09 28 02-44-13 Bot connection to Discord count: 0
2020 09 28 13-21-57 Bot Program was started
2020 09 28 13-22-03 Bot connection to Discord count: 0
2020 09 28 13-53-15 Bot Program was started
2020 09 28 13-53-19 Bot connection to Discord count: 0
2020 09 29 18-00-29 Bot Program was started
2020 09 29 18-01-34 Bot Program was started
2020 09 29 18-01-47 Bot Program was started
2020 09 29 18-01-52 Bot connection to Discord count: 0
2020 09 29 18-07-13 Bot Program was started
2020 09 29 18-07-17 Bot connection to Discord count: 0
2020 09 29 18-08-55 Bot was successfully shutdown
2020 09 29 18-08-55 Bot DISconnected from Discord
2020 09 29 18-16-27 Bot Program was started
2020 09 29 18-16-32 Bot connection to Discord count: 0
2020 09 29 18-20-34 Bot Program was started
2020 09 29 18-20-38 Bot connection to Discord count: 0
2020 09 29 18-26-35 Bot Program was started
2020 09 29 18-26-39 Bot connection to Discord count: 0
2020 09 29 18-29-53 Bot Program was started
2020 09 29 18-29-58 Bot connection to Discord count: 0
2020 09 29 18-33-39 Bot was successfully shutdown
2020 09 29 18-33-39 Bot DISconnected from Discord
2020 09 29 18-34-59 Bot Program was started
2020 09 29 18-35-04 Bot connection to Discord count: 0
2020 09 29 18-35-55 Bot Program was started
2020 09 29 18-36-00 Bot connection to Discord count: 0
2020 09 29 18-37-27 Bot was successfully shutdown
2020 09 29 18-37-27 Bot DISconnected from Discord
2020 09 29 18-38-03 Bot Program was started
2020 09 29 18-38-08 Bot connection to Discord count: 0
2020 09 29 18-40-03 Bot was successfully shutdown
2020 09 29 18-40-03 Bot DISconnected from Discord
2020 09 29 18-43-30 Bot Program was started
2020 09 29 18-43-34 Bot connection to Discord count: 0
2020 09 29 18-46-10 Bot was successfully shutdown
2020 09 29 18-46-10 Bot DISconnected from Discord
2020 09 29 19-06-50 Bot Program was started
2020 09 29 19-06-54 Bot connection to Discord count: 0
2020 09 30 03-28-56 Bot Program was started
2020 09 30 03-29-01 Bot connection to Discord count: 0
2020 09 30 03-30-24 Bot was successfully shutdown
2020 09 30 03-30-24 Bot DISconnected from Discord
2020 09 30 03-40-55 Bot Program was started
2020 09 30 03-41-00 Bot connection to Discord count: 0
2020 09 30 03-44-01 Bot Program was started
2020 09 30 03-44-06 Bot connection to Discord count: 0
2020 09 30 04-02-56 Bot Program was started
2020 09 30 04-03-01 Bot connection to Discord count: 0
2020 09 30 04-06-14 Bot Program was started
2020 09 30 04-06-18 Bot connection to Discord count: 0
2020 09 30 05-10-58 Bot Program was started
2020 09 30 05-11-03 Bot connection to Discord count: 0
2020 09 30 05-13-39 Bot Program was started
2020 09 30 05-13-44 Bot connection to Discord count: 0
2020 09 30 05-16-11 Bot Program was started
2020 09 30 05-16-16 Bot connection to Discord count: 0
2020 09 30 05-18-38 Bot Program was started
2020 09 30 05-18-43 Bot connection to Discord count: 0
2020 09 30 05-22-53 Bot was successfully shutdown
2020 09 30 05-22-53 Bot DISconnected from Discord
2020 09 30 05-29-28 Bot Program was started
2020 09 30 05-36-57 Bot Program was started
2020 09 30 05-37-55 Bot Program was started
2020 09 30 05-38-01 Bot connection to Discord count: 0
2020 09 30 05-39-41 Bot was successfully shutdown
2020 09 30 05-39-41 Bot DISconnected from Discord
2020 09 30 05-44-04 Bot Program was started
2020 09 30 05-44-29 Bot Program was started
2020 09 30 05-44-34 Bot connection to Discord count: 0
2020 09 30 05-52-27 Bot Program was started
2020 09 30 05-52-32 Bot connection to Discord count: 0
2020 09 30 05-53-41 Bot Program was started
2020 09 30 05-53-46 Bot connection to Discord count: 0
2020 09 30 05-55-16 Bot was successfully shutdown
2020 09 30 05-55-16 Bot DISconnected from Discord
2020 09 30 06-04-36 Bot Program was started
2020 09 30 06-04-42 Bot connection to Discord count: 0
2020 09 30 06-08-02 Bot Program was started
2020 09 30 06-08-07 Bot connection to Discord count: 0
2020 10 02 12-01-25 Bot Program was started
2020 10 02 12-01-34 Bot connection to Discord count: 0
2020 10 08 14-51-09 Bot Program was started
2020 10 08 14-51-17 Bot connection to Discord count: 0
2020 10 08 15-04-39 Bot Program was started
2020 10 08 15-04-46 Bot connection to Discord count: 0
2020 10 16 12-11-20 Bot Program was started
2020 10 16 12-11-28 Bot connection to Discord count: 0
2020 10 16 12-12-30 Bot Program was started
2020 10 16 12-12-36 Bot connection to Discord count: 0
2020 10 17 12-01-30 Bot Program was started
2020 10 17 12-01-39 Bot connection to Discord count: 0
2020 10 17 12-17-56 Bot Program was started
2020 10 17 12-18-02 Bot connection to Discord count: 0
2020 10 17 12-19-47 Bot was successfully shutdown
2020 10 17 12-19-47 Bot DISconnected from Discord
2020 10 17 12-28-36 Bot Program was started
2020 10 17 12-28-42 Bot connection to Discord count: 0
2020 10 17 12-30-25 Bot was successfully shutdown
2020 10 17 12-30-25 Bot DISconnected from Discord
2020 10 17 12-31-04 Bot Program was started
2020 10 17 12-31-10 Bot connection to Discord count: 0
2020 10 17 12-34-42 Bot Program was started
2020 10 17 12-34-48 Bot connection to Discord count: 0
2020 10 17 12-36-26 Bot was successfully shutdown
2020 10 17 12-36-26 Bot DISconnected from Discord
2020 10 17 12-38-49 Bot Program was started
2020 10 17 12-38-55 Bot connection to Discord count: 0
2020 10 17 12-40-33 Bot was successfully shutdown
2020 10 17 12-40-33 Bot DISconnected from Discord
2020 10 17 13-00-41 Bot Program was started
2020 10 17 13-00-47 Bot connection to Discord count: 0
2020 10 17 13-02-02 Bot was successfully shutdown
2020 10 17 13-02-02 Bot DISconnected from Discord
2020 10 17 13-19-06 Bot Program was started
2020 10 17 13-19-43 Bot Program was started
2020 10 17 13-19-59 Bot Program was started
2020 10 17 13-22-36 Bot Program was started
2020 10 17 13-23-21 Bot Program was started
2020 10 17 13-23-51 Bot Program was started
2020 10 17 13-24-04 Bot Program was started
2020 10 17 13-26-22 Bot Program was started
2020 10 17 13-28-56 Bot Program was started
2020 10 17 13-34-35 Bot Program was started
2020 10 17 13-36-01 Bot Program was started
2020 10 17 13-36-54 Bot Program was started
2020 10 17 13-37-00 Bot connection to Discord count: 0
2020 10 17 13-39-57 Bot was successfully shutdown
2020 10 17 13-39-57 Bot DISconnected from Discord
2020 10 17 13-43-52 Bot Program was started
2020 10 17 13-43-58 Bot connection to Discord count: 0
2020 10 18 10-07-22 Bot Program was started
2020 10 18 10-07-29 Bot connection to Discord count: 0
2020 10 18 10-18-18 Bot Program was started
2020 10 18 10-18-24 Bot connection to Discord count: 0
2020 10 20 10-39-13 Bot Program was started
2020 10 20 10-39-21 Bot connection to Discord count: 0
2020 11 03 06-29-19 Bot Program was started
2020 11 03 06-29-29 Bot connection to Discord count: 0
2020 11 03 06-30-25 Bot Program was started
2020 11 03 06-30-33 Bot connection to Discord count: 0
2020 11 03 06-32-13 Bot Program was started
2020 11 03 06-32-20 Bot connection to Discord count: 0
2020 11 03 06-33-16 Bot Program was started
2020 11 03 06-33-23 Bot connection to Discord count: 0
2020 11 03 06-38-29 Bot Program was started
2020 11 03 06-38-36 Bot connection to Discord count: 0
2020 11 03 06-39-00 Bot Program was started
2020 11 03 06-39-07 Bot connection to Discord count: 0
2020 11 03 06-48-06 Bot Program was started
2020 11 03 06-50-13 Bot Program was started
2020 11 03 06-50-21 Bot connection to Discord count: 0
2020 11 03 06-53-22 Bot was successfully shutdown
2020 11 03 06-53-22 Bot DISconnected from Discord
2020 11 03 06-55-29 Bot Program was started
2020 11 03 06-55-36 Bot connection to Discord count: 0
2020 11 03 06-56-35 Bot Program was started
2020 11 03 06-56-42 Bot connection to Discord count: 0
2020 11 03 06-56-56 Bot was successfully shutdown
2020 11 03 06-56-56 Bot DISconnected from Discord
2020 11 03 07-29-13 Bot Program was started
2020 11 03 07-37-23 Bot Program was started
2020 11 03 07-37-30 Bot connection to Discord count: 0
2020 11 03 07-52-49 Bot DISconnected from Discord
2020 11 03 07-52-49 Bot resumed connection to Discord
2020 11 04 07-17-13 Bot Program was started
2020 11 04 07-17-21 Bot connection to Discord count: 0
2020 11 07 06-22-00 Bot Program was started
2020 11 07 06-22-12 Bot connection to Discord count: 0
2020 11 07 06-25-36 Bot was successfully shutdown
2020 11 07 06-25-36 Bot DISconnected from Discord
2020 11 07 06-26-21 Bot Program was started
2020 11 07 06-26-30 Bot connection to Discord count: 0
2020 11 07 06-54-24 Bot Program was started
2020 11 07 06-54-33 Bot connection to Discord count: 0
2020 11 07 06-57-00 Bot was successfully shutdown
2020 11 07 06-57-00 Bot DISconnected from Discord
2020 11 07 07-13-39 Bot Program was started
2020 11 07 07-13-48 Bot connection to Discord count: 0
2020 11 07 07-16-28 Bot was successfully shutdown
2020 11 07 07-16-28 Bot DISconnected from Discord
2020 11 07 07-16-33 Bot Program was started
2020 11 07 07-16-42 Bot connection to Discord count: 0
2020 11 08 09-25-28 Bot Program was started
2020 11 08 09-25-38 Bot connection to Discord count: 0
2020 11 08 13-06-38 Bot Program was started
2020 11 08 13-06-47 Bot connection to Discord count: 0
2020 11 08 13-08-12 Bot was successfully shutdown
2020 11 08 13-08-12 Bot DISconnected from Discord
2020 11 08 13-08-39 Bot Program was started
2020 11 08 13-08-48 Bot connection to Discord count: 0
2020 11 08 13-10-04 Bot was successfully shutdown
2020 11 08 13-10-04 Bot DISconnected from Discord
2020 11 08 13-17-13 Bot Program was started
2020 11 08 13-17-21 Bot connection to Discord count: 0
2020 11 08 13-18-45 Bot was successfully shutdown
2020 11 08 13-18-45 Bot DISconnected from Discord
2020 11 08 13-19-43 Bot Program was started
2020 11 08 13-19-52 Bot connection to Discord count: 0
2020 11 13 21-36-29 Bot Program was started
2020 11 13 21-36-40 Bot connection to Discord count: 0
2020 11 13 21-37-09 Bot was successfully shutdown
2020 11 13 21-37-09 Bot DISconnected from Discord
2020 11 13 21-46-32 Bot Program was started
2020 11 13 21-46-42 Bot connection to Discord count: 0
2020 11 13 21-47-02 Bot was successfully shutdown
2020 11 13 21-47-02 Bot DISconnected from Discord
2020 11 13 21-48-10 Bot Program was started
2020 11 13 21-48-19 Bot connection to Discord count: 0
2020 11 13 21-52-36 Bot was successfully shutdown
2020 11 13 21-52-36 Bot DISconnected from Discord
2020 11 13 22-14-25 Bot Program was started
2020 11 13 22-14-34 Bot connection to Discord count: 0
2020 11 13 22-16-36 Bot was successfully shutdown
2020 11 13 22-16-36 Bot DISconnected from Discord
2020 11 13 22-16-46 Bot Program was started
2020 11 13 22-16-56 Bot connection to Discord count: 0
2020 11 13 22-17-18 Bot was successfully shutdown
2020 11 13 22-17-18 Bot DISconnected from Discord
2020 11 13 22-19-13 Bot Program was started
2020 11 13 22-19-22 Bot connection to Discord count: 0
2020 11 13 22-31-05 Bot was successfully shutdown
2020 11 13 22-31-05 Bot DISconnected from Discord
2020 11 13 22-45-38 Bot Program was started
2020 11 13 22-45-47 Bot connection to Discord count: 0
2020 11 13 22-47-20 Bot was successfully shutdown
2020 11 13 22-47-20 Bot DISconnected from Discord
2020 11 13 22-48-04 Bot Program was started
2020 11 13 22-48-13 Bot connection to Discord count: 0
2020 11 13 22-54-11 Bot was successfully shutdown
2020 11 13 22-54-11 Bot DISconnected from Discord
2020 11 13 23-07-38 Bot Program was started
2020 11 13 23-07-47 Bot connection to Discord count: 0
2020 11 13 23-14-30 Bot was successfully shutdown
2020 11 13 23-14-30 Bot DISconnected from Discord
2020 11 13 23-16-05 Bot Program was started
2020 11 13 23-16-14 Bot connection to Discord count: 0
2020 11 13 23-26-41 Bot was successfully shutdown
2020 11 13 23-26-41 Bot DISconnected from Discord
2020 11 17 22-21-47 Bot Program was started
2020 11 17 22-21-59 Bot connection to Discord count: 0
2020 11 17 22-25-17 Bot was successfully shutdown
2020 11 17 22-25-17 Bot DISconnected from Discord
2020 11 17 22-42-24 Bot Program was started
2020 11 17 22-42-34 Bot connection to Discord count: 0
2020 11 17 22-43-20 Bot was successfully shutdown
2020 11 17 22-43-20 Bot DISconnected from Discord
2020 11 25 04-02-28 Bot Program was started
2020 11 25 04-02-40 Bot connection to Discord count: 0
2020 11 25 04-03-09 Bot was successfully shutdown
2020 11 25 04-03-09 Bot DISconnected from Discord
2020 11 25 04-03-52 Bot Program was started
2020 11 25 04-04-02 Bot connection to Discord count: 0
2020 11 25 04-04-22 Bot was successfully shutdown
2020 11 25 04-04-22 Bot DISconnected from Discord
2020 11 25 04-08-39 Bot Program was started
2020 11 25 04-08-50 Bot connection to Discord count: 0
2020 11 25 04-24-44 Bot was successfully shutdown
2020 11 25 04-24-44 Bot DISconnected from Discord
2020 11 25 21-38-13 Bot Program was started
2020 11 25 21-38-26 Bot connection to Discord count: 0
2020 11 25 21-38-47 Bot was successfully shutdown
2020 11 25 21-38-47 Bot DISconnected from Discord
2020 11 25 21-41-23 Bot Program was started
2020 11 25 21-41-34 Bot connection to Discord count: 0
2020 11 25 21-41-53 Bot was successfully shutdown
2020 11 25 21-41-53 Bot DISconnected from Discord
2020 11 25 21-43-08 Bot Program was started
2020 11 25 21-43-21 Bot connection to Discord count: 0
2020 11 25 21-43-42 Bot was successfully shutdown
2020 11 25 21-43-42 Bot DISconnected from Discord
2020 11 25 21-46-53 Bot Program was started
2020 11 25 21-47-05 Bot connection to Discord count: 0
2020 11 25 21-48-11 Bot was successfully shutdown
2020 11 25 21-48-11 Bot DISconnected from Discord
2020 11 25 21-50-59 Bot Program was started
2020 11 25 21-51-12 Bot connection to Discord count: 0
2020 11 25 21-54-07 Bot was successfully shutdown
2020 11 25 21-54-07 Bot DISconnected from Discord
2020 11 26 19-26-25 Bot Program was started
2020 11 26 19-26-39 Bot connection to Discord count: 0
2020 11 26 19-27-32 Bot was successfully shutdown
2020 11 26 19-27-32 Bot DISconnected from Discord
2020 11 26 19-27-55 Bot Program was started
2020 11 26 19-28-06 Bot connection to Discord count: 0
2020 11 26 19-28-44 Bot was successfully shutdown
2020 11 26 19-28-44 Bot DISconnected from Discord
2020 11 26 19-29-06 Bot Program was started
2020 11 26 19-29-17 Bot connection to Discord count: 0
2020 11 26 19-30-01 Bot was successfully shutdown
2020 11 26 19-30-01 Bot DISconnected from Discord
2020 11 26 19-30-46 Bot Program was started
2020 11 26 19-30-57 Bot connection to Discord count: 0
2020 11 26 19-33-09 Bot was successfully shutdown
2020 11 26 19-33-09 Bot DISconnected from Discord
2020 11 26 19-33-38 Bot Program was started
2020 11 26 19-33-49 Bot connection to Discord count: 0
2020 11 26 19-38-21 Bot was successfully shutdown
2020 11 26 19-38-21 Bot DISconnected from Discord
2020 12 02 21-57-31 Bot Program was started
2020 12 02 21-57-44 Bot connection to Discord count: 0
2020 12 02 21-59-05 Bot was successfully shutdown
2020 12 02 21-59-05 Bot DISconnected from Discord
2020 12 02 22-04-22 Bot Program was started
2020 12 02 22-04-34 Bot connection to Discord count: 0
2020 12 02 22-10-19 Bot was successfully shutdown
2020 12 02 22-10-19 Bot DISconnected from Discord
2020 12 04 05-10-13 Bot Program was started
2020 12 04 05-14-31 Bot Program was started
2020 12 04 05-14-41 Bot connection to Discord count: 0
2020 12 04 05-15-06 Bot was successfully shutdown
2020 12 04 05-15-06 Bot DISconnected from Discord
2020 12 04 05-17-56 Bot Program was started
2020 12 04 05-18-07 Bot connection to Discord count: 0
2020 12 04 05-19-28 Bot was successfully shutdown
2020 12 04 05-19-28 Bot DISconnected from Discord
2020 12 27 02-55-22 Bot Program was started
2020 12 27 02-55-37 Bot connection to Discord count: 0
2020 12 27 02-56-34 Bot was successfully shutdown
2020 12 27 02-56-34 Bot DISconnected from Discord
2020 12 27 03-00-00 Bot Program was started
2020 12 27 03-00-14 Bot connection to Discord count: 0
2020 12 27 03-20-24 Bot was successfully shutdown
2020 12 27 03-20-24 Bot DISconnected from Discord
2020 12 27 03-20-58 Bot Program was started
2020 12 27 03-21-11 Bot connection to Discord count: 0
2020 12 27 03-21-35 Bot was successfully shutdown
2020 12 27 03-21-35 Bot DISconnected from Discord
2020 12 27 03-21-44 Bot Program was started
2020 12 27 03-21-57 Bot connection to Discord count: 0
2020 12 27 03-39-34 Bot was successfully shutdown
2020 12 27 03-39-34 Bot DISconnected from Discord
2020 12 27 03-39-52 Bot Program was started
2020 12 27 03-40-05 Bot connection to Discord count: 0
2020 12 27 03-40-27 Bot was successfully shutdown
2020 12 27 03-40-27 Bot DISconnected from Discord
2020 12 27 03-41-46 Bot Program was started
2020 12 27 03-42-00 Bot connection to Discord count: 0
2020 12 27 03-46-10 Bot was successfully shutdown
2020 12 27 03-46-10 Bot DISconnected from Discord
2021 01 02 08-22-45 Bot Program was started
2021 01 02 08-23-01 Bot connection to Discord count: 0
2021 01 02 08-25-47 Bot Program was started
2021 01 02 08-26-02 Bot connection to Discord count: 0
2021 01 02 08-27-32 Bot was successfully shutdown
2021 01 02 08-27-32 Bot DISconnected from Discord
2021 01 02 08-27-36 Bot Program was started
2021 01 02 08-27-49 Bot connection to Discord count: 0
2021 01 02 08-29-46 Bot Program was started
2021 01 02 08-29-59 Bot connection to Discord count: 0
2021 01 02 08-31-13 Bot was successfully shutdown
2021 01 02 08-31-13 Bot DISconnected from Discord
2021 01 02 08-31-26 Bot Program was started
2021 01 02 08-31-39 Bot connection to Discord count: 0
2021 01 02 08-36-14 Bot was successfully shutdown
2021 01 02 08-36-14 Bot DISconnected from Discord
2021 01 02 08-36-23 Bot Program was started
2021 01 02 08-36-37 Bot connection to Discord count: 0
2021 01 02 08-37-12 Bot was successfully shutdown
2021 01 02 08-37-12 Bot DISconnected from Discord
2021 01 02 08-38-43 Bot Program was started
2021 01 02 08-38-58 Bot connection to Discord count: 0
2021 01 02 08-39-55 Bot was successfully shutdown
2021 01 02 08-39-55 Bot DISconnected from Discord
2021 01 02 08-39-59 Bot Program was started
2021 01 02 08-40-13 Bot connection to Discord count: 0
2021 01 02 08-40-58 Bot was successfully shutdown
2021 01 02 08-40-58 Bot DISconnected from Discord
2021 01 02 08-41-14 Bot Program was started
2021 01 02 08-41-29 Bot connection to Discord count: 0
2021 01 02 08-42-40 Bot was successfully shutdown
2021 01 02 08-42-40 Bot DISconnected from Discord
2021 01 02 08-42-43 Bot Program was started
2021 01 02 08-42-57 Bot connection to Discord count: 0
2021 01 02 08-44-04 Bot was successfully shutdown
2021 01 02 08-44-04 Bot DISconnected from Discord
2021 01 02 08-45-17 Bot Program was started
2021 01 02 08-45-30 Bot connection to Discord count: 0
2021 01 02 08-49-30 Bot was successfully shutdown
2021 01 02 08-49-30 Bot DISconnected from Discord
2021 01 02 08-49-43 Bot Program was started
2021 01 02 08-49-56 Bot connection to Discord count: 0
2021 01 02 08-50-55 Bot Program was started
2021 01 02 08-51-10 Bot connection to Discord count: 0
2021 01 02 08-52-07 Bot was successfully shutdown
2021 01 02 08-52-07 Bot DISconnected from Discord
2021 01 02 08-52-14 Bot Program was started
2021 01 02 08-52-28 Bot connection to Discord count: 0
2021 01 02 08-53-37 Bot was successfully shutdown
2021 01 02 08-53-37 Bot DISconnected from Discord
2021 01 02 08-53-46 Bot Program was started
2021 01 02 08-53-59 Bot connection to Discord count: 0
2021 01 02 09-08-25 Bot was successfully shutdown
2021 01 02 09-08-25 Bot DISconnected from Discord
2021 01 02 09-09-04 Bot Program was started
2021 01 02 09-09-16 Bot connection to Discord count: 0
2021 01 02 09-10-34 Bot was successfully shutdown
2021 01 02 09-10-34 Bot DISconnected from Discord
2021 01 02 09-13-27 Bot Program was started
2021 01 02 09-13-42 Bot connection to Discord count: 0
2021 01 02 09-14-07 Bot was successfully shutdown
2021 01 02 09-14-07 Bot DISconnected from Discord
2021 01 17 01-17-06 Bot Program was started
2021 01 17 01-17-24 Bot connection to Discord count: 0
2021 01 17 01-17-51 Bot was successfully shutdown
2021 01 17 01-17-51 Bot DISconnected from Discord
2021 01 17 01-18-12 Bot Program was started
2021 01 17 01-18-27 Bot connection to Discord count: 0
2021 01 17 01-18-51 Bot was successfully shutdown
2021 01 17 01-18-51 Bot DISconnected from Discord
2021 01 17 01-20-24 Bot Program was started
2021 01 17 01-20-39 Bot connection to Discord count: 0
2021 01 17 01-21-03 Bot was successfully shutdown
2021 01 17 01-21-03 Bot DISconnected from Discord
2021 01 17 01-21-49 Bot Program was started
2021 01 17 01-22-02 Bot connection to Discord count: 0
2021 01 17 01-22-22 Bot was successfully shutdown
2021 01 17 01-22-22 Bot DISconnected from Discord
2021 01 17 01-23-19 Bot Program was started
2021 01 17 01-23-33 Bot connection to Discord count: 0
2021 01 17 01-24-00 Bot was successfully shutdown
2021 01 17 01-24-00 Bot DISconnected from Discord
2021 01 17 01-24-04 Bot Program was started
2021 01 17 01-24-19 Bot connection to Discord count: 0
2021 01 17 01-25-48 Bot was successfully shutdown
2021 01 17 01-25-48 Bot DISconnected from Discord
2021 01 17 01-41-34 Bot Program was started
2021 01 17 01-41-48 Bot connection to Discord count: 0
2021 01 17 01-42-36 Bot Program was started
2021 01 17 01-42-51 Bot connection to Discord count: 0
2021 01 17 01-43-38 Bot was successfully shutdown
2021 01 17 01-43-38 Bot DISconnected from Discord
2021 01 17 01-44-02 Bot Program was started
2021 01 17 01-44-17 Bot connection to Discord count: 0
2021 01 17 01-45-44 Bot was successfully shutdown
2021 01 17 01-45-44 Bot DISconnected from Discord
2021 01 17 01-49-48 Bot Program was started
2021 01 17 01-50-03 Bot connection to Discord count: 0
2021 01 17 01-50-36 Bot was successfully shutdown
2021 01 17 01-50-36 Bot DISconnected from Discord
2021 01 17 01-51-16 Bot Program was started
2021 01 17 01-51-30 Bot connection to Discord count: 0
2021 01 17 01-51-54 Bot was successfully shutdown
2021 01 17 01-51-54 Bot DISconnected from Discord
2021 01 17 01-59-27 Bot Program was started
2021 01 17 01-59-41 Bot connection to Discord count: 0
2021 01 17 02-00-15 Bot was successfully shutdown
2021 01 17 02-00-15 Bot DISconnected from Discord
2021 01 17 02-00-58 Bot Program was started
2021 01 17 02-01-13 Bot connection to Discord count: 0
2021 01 17 02-02-51 Bot DISconnected from Discord
2021 01 17 02-02-52 Bot resumed connection to Discord
2021 01 17 02-03-34 Bot was successfully shutdown
2021 01 17 02-03-34 Bot DISconnected from Discord
2021 01 17 02-06-31 Bot Program was started
2021 01 17 02-06-46 Bot connection to Discord count: 0
2021 01 17 02-09-12 Bot DISconnected from Discord
2021 01 17 02-09-13 Bot resumed connection to Discord
2021 01 17 02-09-52 Bot was successfully shutdown
2021 01 17 02-09-52 Bot DISconnected from Discord
2021 01 17 02-13-15 Bot Program was started
2021 01 17 02-13-26 Bot connection to Discord count: 0
2021 01 17 02-21-27 Bot Program was started
2021 01 17 02-21-38 Bot connection to Discord count: 0
2021 01 17 02-26-21 Bot Program was started
2021 01 17 02-26-31 Bot connection to Discord count: 0
2021 01 17 02-27-09 Bot Program was started
2021 01 17 02-27-20 Bot connection to Discord count: 0
2021 01 17 02-29-48 Bot was successfully shutdown
2021 01 17 02-29-48 Bot DISconnected from Discord
2021 01 17 02-31-00 Bot Program was started
2021 01 17 02-31-11 Bot connection to Discord count: 0
2021 01 17 02-34-35 Bot DISconnected from Discord
2021 01 17 02-34-36 Bot resumed connection to Discord
2021 01 17 02-35-14 Bot was successfully shutdown
2021 01 17 02-35-14 Bot DISconnected from Discord
2021 01 17 02-36-06 Bot Program was started
2021 01 17 02-36-16 Bot connection to Discord count: 0
2021 01 17 02-38-03 Bot was successfully shutdown
2021 01 17 02-38-03 Bot DISconnected from Discord
2021 01 17 02-38-47 Bot Program was started
2021 01 17 02-38-57 Bot connection to Discord count: 0
2021 01 17 02-39-56 Bot was successfully shutdown
2021 01 17 02-39-56 Bot DISconnected from Discord
2021 01 17 02-41-49 Bot Program was started
2021 01 17 02-42-00 Bot connection to Discord count: 0
2021 01 17 02-46-14 Bot was successfully shutdown
2021 01 17 02-46-14 Bot DISconnected from Discord
2021 01 17 02-49-54 Bot Program was started
2021 01 17 02-50-04 Bot connection to Discord count: 0
2021 01 17 02-58-54 Bot was successfully shutdown
2021 01 17 02-58-54 Bot DISconnected from Discord
2021 01 17 02-59-00 Bot Program was started
2021 01 17 02-59-11 Bot connection to Discord count: 0
2021 01 17 02-59-52 Bot was successfully shutdown
2021 01 17 02-59-52 Bot DISconnected from Discord
2021 01 17 03-01-32 Bot Program was started
2021 01 17 03-01-43 Bot connection to Discord count: 0
2021 01 17 03-02-27 Bot was successfully shutdown
2021 01 17 03-02-27 Bot DISconnected from Discord
2021 01 17 03-05-20 Bot Program was started
2021 01 17 03-05-31 Bot connection to Discord count: 0
2021 01 17 03-06-51 Bot was successfully shutdown
2021 01 17 03-06-51 Bot DISconnected from Discord
2021 01 17 15-57-47 Bot Program was started
2021 01 17 15-57-57 Bot connection to Discord count: 0
2021 01 17 16-05-10 Bot was successfully shutdown
2021 01 17 16-05-10 Bot DISconnected from Discord
2021 01 17 16-05-57 Bot Program was started
2021 01 17 16-06-08 Bot connection to Discord count: 0
2021 01 17 16-06-44 Bot was successfully shutdown
2021 01 17 16-06-44 Bot DISconnected from Discord
2021 01 17 16-08-33 Bot Program was started
2021 01 17 16-08-42 Bot connection to Discord count: 0
2021 01 17 16-11-40 Bot was successfully shutdown
2021 01 17 16-11-40 Bot DISconnected from Discord
2021 01 17 16-11-46 Bot Program was started
2021 01 17 16-11-57 Bot connection to Discord count: 0
2021 01 17 16-12-40 Bot was successfully shutdown
2021 01 17 16-12-40 Bot DISconnected from Discord
2021 01 17 16-15-44 Bot Program was started
2021 01 17 16-15-54 Bot connection to Discord count: 0
2021 01 17 16-17-06 Bot was successfully shutdown
2021 01 17 16-17-06 Bot DISconnected from Discord
2021 01 17 16-20-04 Bot Program was started
2021 01 17 16-20-14 Bot connection to Discord count: 0
2021 01 17 16-21-05 Bot was successfully shutdown
2021 01 17 16-21-05 Bot DISconnected from Discord
2021 01 17 16-53-22 Bot Program was started
2021 01 17 16-53-33 Bot connection to Discord count: 0
2021 01 17 16-55-56 Bot was successfully shutdown
2021 01 17 16-55-56 Bot DISconnected from Discord
2021 01 17 16-59-31 Bot Program was started
2021 01 17 16-59-41 Bot connection to Discord count: 0
2021 01 17 17-00-04 Bot was successfully shutdown
2021 01 17 17-00-04 Bot DISconnected from Discord
2021 01 17 17-02-28 Bot Program was started
2021 01 17 17-02-38 Bot connection to Discord count: 0
2021 01 17 17-04-10 Bot Program was started
2021 01 17 17-04-20 Bot connection to Discord count: 0
2021 01 17 17-04-50 Bot was successfully shutdown
2021 01 17 17-04-50 Bot DISconnected from Discord
2021 01 17 17-23-03 Bot Program was started
2021 01 17 17-23-13 Bot connection to Discord count: 0
2021 01 17 17-23-53 Bot was successfully shutdown
2021 01 17 17-23-53 Bot DISconnected from Discord
2021 01 17 17-24-14 Bot Program was started
2021 01 17 17-24-25 Bot connection to Discord count: 0
2021 01 17 17-25-47 Bot was successfully shutdown
2021 01 17 17-25-47 Bot DISconnected from Discord
2021 02 08 13-37-10 Bot Program was started
2021 02 08 13-37-27 Bot connection to Discord count: 0
2021 02 08 13-42-51 Bot was successfully shutdown
2021 02 08 13-42-51 Bot DISconnected from Discord
2021 02 08 13-42-57 Bot Program was started
2021 02 08 13-43-11 Bot connection to Discord count: 0
2021 02 08 13-43-41 Bot was successfully shutdown
2021 02 08 13-43-41 Bot DISconnected from Discord
2021 02 08 13-44-06 Bot Program was started
2021 02 08 13-44-19 Bot connection to Discord count: 0
2021 02 08 13-45-14 Bot was successfully shutdown
2021 02 08 13-45-14 Bot DISconnected from Discord
2021 02 08 13-45-54 Bot Program was started
2021 02 08 13-46-08 Bot connection to Discord count: 0
2021 02 08 13-46-45 Bot was successfully shutdown
2021 02 08 13-46-45 Bot DISconnected from Discord
2021 02 08 13-46-50 Bot Program was started
2021 02 08 13-47-06 Bot connection to Discord count: 0
2021 02 08 13-50-57 Bot was successfully shutdown
2021 02 08 13-50-57 Bot DISconnected from Discord
2021 02 08 13-51-15 Bot Program was started
2021 02 08 13-51-23 Bot connection to Discord count: 0
2021 02 08 13-53-40 Bot was successfully shutdown
2021 02 08 13-53-40 Bot DISconnected from Discord
2021 02 08 13-54-15 Bot Program was started
2021 02 08 13-54-29 Bot connection to Discord count: 0
2021 02 08 13-58-44 Bot was successfully shutdown
2021 02 08 13-58-44 Bot DISconnected from Discord
2021 02 09 19-15-51 Bot Program was started
2021 02 09 19-16-05 Bot connection to Discord count: 0
2021 02 09 19-16-49 Bot was successfully shutdown
2021 02 09 19-16-49 Bot DISconnected from Discord
2021 02 09 19-22-21 Bot Program was started
2021 02 09 19-22-35 Bot connection to Discord count: 0
2021 02 09 19-24-22 Bot was successfully shutdown
2021 02 09 19-24-22 Bot DISconnected from Discord
2021 02 09 19-31-56 Bot Program was started
2021 02 09 19-32-08 Bot connection to Discord count: 0
2021 02 09 19-32-51 Bot was successfully shutdown
2021 02 09 19-32-51 Bot DISconnected from Discord
2021 02 09 19-36-08 Bot Program was started
2021 02 09 19-36-22 Bot connection to Discord count: 0
2021 02 09 19-47-15 Bot was successfully shutdown
2021 02 09 19-47-15 Bot DISconnected from Discord
2021 02 09 19-47-23 Bot Program was started
2021 02 09 19-47-36 Bot connection to Discord count: 0
2021 02 09 19-49-04 Bot was successfully shutdown
2021 02 09 19-49-04 Bot DISconnected from Discord
2021 02 09 19-49-09 Bot Program was started
2021 02 09 19-49-22 Bot connection to Discord count: 0
2021 02 09 19-49-58 Bot was successfully shutdown
2021 02 09 19-49-58 Bot DISconnected from Discord
2021 02 09 19-50-17 Bot Program was started
2021 02 09 19-50-30 Bot connection to Discord count: 0
2021 02 09 19-51-07 Bot was successfully shutdown
2021 02 09 19-51-07 Bot DISconnected from Discord
2021 02 09 19-53-44 Bot Program was started
2021 02 09 19-53-56 Bot connection to Discord count: 0
2021 02 09 19-59-43 Bot was successfully shutdown
2021 02 09 19-59-43 Bot DISconnected from Discord
2021 02 09 20-27-13 Bot Program was started
2021 02 09 20-28-00 Bot Program was started
2021 02 09 20-28-12 Bot connection to Discord count: 0
2021 02 09 20-30-09 Bot was successfully shutdown
2021 02 09 20-30-09 Bot DISconnected from Discord
2021 02 09 20-39-21 Bot Program was started
2021 02 09 20-39-34 Bot connection to Discord count: 0
2021 02 09 20-40-35 Bot was successfully shutdown
2021 02 09 20-40-35 Bot DISconnected from Discord
2021 02 09 20-47-44 Bot Program was started
2021 02 09 20-47-57 Bot connection to Discord count: 0
2021 02 09 20-48-30 Bot was successfully shutdown
2021 02 09 20-48-30 Bot DISconnected from Discord
2021 02 09 20-51-05 Bot Program was started
2021 02 09 20-51-18 Bot connection to Discord count: 0
2021 02 09 20-51-32 Bot was successfully shutdown
2021 02 09 20-51-32 Bot DISconnected from Discord
2021 02 09 20-54-09 Bot Program was started
2021 02 09 20-54-21 Bot connection to Discord count: 0
2021 02 09 20-55-04 Bot was successfully shutdown
2021 02 09 20-55-04 Bot DISconnected from Discord
2021 02 09 20-55-18 Bot Program was started
2021 02 09 20-55-31 Bot connection to Discord count: 0
2021 02 09 20-55-49 Bot was successfully shutdown
2021 02 09 20-55-49 Bot DISconnected from Discord
2021 02 09 20-57-15 Bot Program was started
2021 02 09 20-57-28 Bot connection to Discord count: 0
2021 02 09 20-58-36 Bot was successfully shutdown
2021 02 09 20-58-36 Bot DISconnected from Discord
2021 02 10 18-26-57 Bot Program was started
2021 02 10 18-27-11 Bot connection to Discord count: 0
2021 02 10 18-28-59 Bot was successfully shutdown
2021 02 10 18-28-59 Bot DISconnected from Discord
2021 02 10 18-30-05 Bot Program was started
2021 02 10 18-30-17 Bot connection to Discord count: 0
2021 02 10 18-30-56 Bot was successfully shutdown
2021 02 10 18-30-56 Bot DISconnected from Discord
2021 02 10 20-13-42 Bot Program was started
2021 02 10 20-13-55 Bot connection to Discord count: 0
2021 02 10 20-21-20 Bot was successfully shutdown
2021 02 10 20-21-20 Bot DISconnected from Discord
2021 02 10 20-40-21 Bot Program was started
2021 02 10 20-40-34 Bot connection to Discord count: 0
2021 02 10 20-41-11 Bot was successfully shutdown
2021 02 10 20-41-11 Bot DISconnected from Discord
2021 02 10 20-45-36 Bot Program was started
2021 02 10 20-45-48 Bot connection to Discord count: 0
2021 02 10 20-46-32 Bot was successfully shutdown
2021 02 10 20-46-32 Bot DISconnected from Discord
2021 02 11 13-34-24 Bot Program was started
2021 02 11 13-34-40 Bot connection to Discord count: 0
2021 02 11 13-39-21 Bot was successfully shutdown
2021 02 11 13-39-21 Bot DISconnected from Discord
2021 02 11 13-52-17 Bot Program was started
2021 02 11 13-52-33 Bot connection to Discord count: 0
2021 02 11 13-52-58 Bot was successfully shutdown
2021 02 11 13-52-58 Bot DISconnected from Discord
2021 02 11 13-53-19 Bot Program was started
2021 02 11 13-53-32 Bot connection to Discord count: 0
2021 02 11 13-53-52 Bot was successfully shutdown
2021 02 11 13-53-52 Bot DISconnected from Discord
2021 02 11 13-54-03 Bot Program was started
2021 02 11 13-54-17 Bot connection to Discord count: 0
2021 02 11 13-55-02 Bot was successfully shutdown
2021 02 11 13-55-02 Bot DISconnected from Discord
2021 02 11 13-55-40 Bot Program was started
2021 02 11 13-55-54 Bot connection to Discord count: 0
2021 02 11 13-56-13 Bot was successfully shutdown
2021 02 11 13-56-13 Bot DISconnected from Discord
2021 02 11 13-56-37 Bot Program was started
2021 02 11 13-56-50 Bot connection to Discord count: 0
2021 02 11 13-58-16 Bot was successfully shutdown
2021 02 11 13-58-16 Bot DISconnected from Discord
2021 02 11 14-06-35 Bot Program was started
2021 02 11 14-06-49 Bot connection to Discord count: 0
2021 02 11 14-08-53 Bot was successfully shutdown
2021 02 11 14-08-53 Bot DISconnected from Discord
2021 02 11 14-08-57 Bot Program was started
2021 02 11 14-09-10 Bot connection to Discord count: 0
2021 02 11 14-14-15 Bot was successfully shutdown
2021 02 11 14-14-15 Bot DISconnected from Discord
2021 02 11 14-14-55 Bot Program was started
2021 02 11 14-15-10 Bot connection to Discord count: 0
2021 02 11 14-15-36 Bot was successfully shutdown
2021 02 11 14-15-36 Bot DISconnected from Discord
2021 02 11 14-16-54 Bot Program was started
2021 02 11 14-17-07 Bot connection to Discord count: 0
2021 02 11 14-17-34 Bot was successfully shutdown
2021 02 11 14-17-34 Bot DISconnected from Discord
2021 02 11 14-18-12 Bot Program was started
2021 02 11 14-18-24 Bot connection to Discord count: 0
2021 02 11 14-18-51 Bot was successfully shutdown
2021 02 11 14-18-51 Bot DISconnected from Discord
2021 02 11 14-19-10 Bot Program was started
2021 02 11 14-19-23 Bot connection to Discord count: 0
2021 02 11 14-20-53 Bot DISconnected from Discord
2021 02 11 14-20-54 Bot resumed connection to Discord
2021 02 11 19-49-09 Bot Program was started
2021 02 11 19-49-22 Bot connection to Discord count: 0
2021 02 11 20-06-15 Bot Program was started
2021 02 11 20-06-26 Bot connection to Discord count: 0
2021 02 11 20-07-46 Bot DISconnected from Discord
2021 02 11 20-07-48 Bot resumed connection to Discord
2021 02 11 20-09-07 Bot Program was started
2021 02 11 20-09-19 Bot connection to Discord count: 0
2021 02 11 20-10-37 Bot DISconnected from Discord
2021 02 11 20-10-39 Bot resumed connection to Discord
2021 02 11 20-12-40 Bot DISconnected from Discord
2021 02 11 20-12-40 Bot resumed connection to Discord
2021 02 11 20-15-16 Bot DISconnected from Discord
2021 02 11 20-15-19 Bot resumed connection to Discord
2021 02 11 20-16-24 Bot was successfully shutdown
2021 02 11 20-16-24 Bot DISconnected from Discord
2021 02 11 20-28-08 Bot Program was started
2021 02 11 20-28-21 Bot connection to Discord count: 0
2021 02 11 20-31-46 Bot DISconnected from Discord
2021 02 11 20-31-46 Bot resumed connection to Discord
2021 02 11 20-31-52 Bot was successfully shutdown
2021 02 11 20-31-52 Bot DISconnected from Discord
2021 02 11 20-36-04 Bot Program was started
2021 02 11 20-36-18 Bot connection to Discord count: 0
2021 02 11 20-38-04 Bot DISconnected from Discord
2021 02 11 20-38-05 Bot resumed connection to Discord
2021 02 11 20-39-04 Bot DISconnected from Discord
2021 02 11 20-39-05 Bot resumed connection to Discord
2021 02 11 20-40-13 Bot DISconnected from Discord
2021 02 11 20-40-14 Bot resumed connection to Discord
2021 02 11 20-41-21 Bot DISconnected from Discord
2021 02 11 20-41-21 Bot resumed connection to Discord
2021 02 11 20-42-28 Bot DISconnected from Discord
2021 02 11 20-42-29 Bot resumed connection to Discord
2021 02 11 20-43-28 Bot was successfully shutdown
2021 02 11 20-43-28 Bot DISconnected from Discord
2021 02 11 20-50-29 Bot Program was started
2021 02 11 20-50-43 Bot connection to Discord count: 0
2021 02 11 20-55-09 Bot was successfully shutdown
2021 02 11 20-55-09 Bot DISconnected from Discord
2021 02 11 21-42-30 Bot Program was started
2021 02 11 21-42-43 Bot connection to Discord count: 0
2021 02 11 21-45-13 Bot was successfully shutdown
2021 02 11 21-45-13 Bot DISconnected from Discord
2021 02 11 21-47-35 Bot Program was started
2021 02 11 21-47-48 Bot connection to Discord count: 0
2021 02 11 21-50-14 Bot was successfully shutdown
2021 02 11 21-50-14 Bot DISconnected from Discord
2021 02 11 21-51-04 Bot Program was started
2021 02 11 21-51-16 Bot connection to Discord count: 0
2021 02 11 21-54-06 Bot was successfully shutdown
2021 02 11 21-54-06 Bot DISconnected from Discord
2021 02 11 21-54-43 Bot Program was started
2021 02 11 21-54-57 Bot connection to Discord count: 0
2021 02 11 22-00-28 Bot Program was started
2021 02 11 22-00-41 Bot connection to Discord count: 0
2021 02 11 22-02-55 Bot was successfully shutdown
2021 02 11 22-02-55 Bot DISconnected from Discord
2021 02 11 22-25-54 Bot Program was started
2021 02 11 22-26-08 Bot connection to Discord count: 0
2021 02 11 22-27-08 Bot was successfully shutdown
2021 02 11 22-27-08 Bot DISconnected from Discord
2021 02 12 17-42-01 Bot Program was started
2021 02 12 17-42-16 Bot connection to Discord count: 0
2021 02 12 18-04-13 Bot was successfully shutdown
2021 02 12 18-04-13 Bot DISconnected from Discord
2021 02 12 18-07-40 Bot Program was started
2021 02 12 18-07-53 Bot connection to Discord count: 0
2021 02 12 18-09-08 Bot was successfully shutdown
2021 02 12 18-09-08 Bot DISconnected from Discord
2021 02 18 23-08-52 Bot Program was started
2021 02 18 23-09-06 Bot connection to Discord count: 0
2021 02 18 23-11-12 Bot was successfully shutdown
2021 02 18 23-11-12 Bot DISconnected from Discord
2021 02 19 00-43-26 Bot Program was started
2021 02 19 00-43-38 Bot connection to Discord count: 0
2021 02 19 00-44-05 Bot was successfully shutdown
2021 02 19 00-44-05 Bot DISconnected from Discord
2021 02 19 00-44-23 Bot Program was started
2021 02 19 00-44-35 Bot connection to Discord count: 0
2021 02 19 00-46-23 Bot was successfully shutdown
2021 02 19 00-46-23 Bot DISconnected from Discord
2021 02 19 01-09-34 Bot Program was started
2021 02 19 01-09-49 Bot connection to Discord count: 0
2021 02 19 01-10-24 Bot was successfully shutdown
2021 02 19 01-10-24 Bot DISconnected from Discord
2021 02 19 01-10-45 Bot Program was started
2021 02 19 01-10-59 Bot connection to Discord count: 0
2021 02 19 01-11-26 Bot was successfully shutdown
2021 02 19 01-11-26 Bot DISconnected from Discord
2021 02 19 01-13-58 Bot Program was started
2021 02 19 01-14-13 Bot connection to Discord count: 0
2021 02 19 01-15-18 Bot was successfully shutdown
2021 02 19 01-15-18 Bot DISconnected from Discord
2021 02 21 02-05-59 Bot Program was started
2021 02 21 02-06-15 Bot connection to Discord count: 0
2021 02 21 02-06-47 Bot was successfully shutdown
2021 02 21 02-06-47 Bot DISconnected from Discord
2021 02 21 02-07-01 Bot Program was started
2021 02 21 02-07-14 Bot connection to Discord count: 0
2021 02 21 02-07-57 Bot was successfully shutdown
2021 02 21 02-07-57 Bot DISconnected from Discord
2021 02 21 02-08-40 Bot Program was started
2021 02 21 02-08-52 Bot connection to Discord count: 0
2021 02 21 02-11-08 Bot was successfully shutdown
2021 02 21 02-11-08 Bot DISconnected from Discord
2021 02 23 23-52-10 Bot Program was started
2021 02 23 23-52-24 Bot connection to Discord count: 0
2021 02 23 23-55-05 Bot Program was started
2021 02 23 23-55-18 Bot connection to Discord count: 0
2021 02 23 23-58-33 Bot was successfully shutdown
2021 02 23 23-58-33 Bot DISconnected from Discord
2021 02 24 00-01-34 Bot Program was started
2021 02 24 00-01-46 Bot connection to Discord count: 0
2021 02 24 00-02-29 Bot was successfully shutdown
2021 02 24 00-02-29 Bot DISconnected from Discord
2021 06 24 05-57-27 Bot Program was started
2021 06 24 05-57-40 Bot connection to Discord count: 0
2021 06 24 06-02-09 Bot was successfully shutdown
2021 06 24 06-02-09 Bot DISconnected from Discord
2021 06 24 07-00-37 Bot Program was started
2021 06 24 07-00-50 Bot connection to Discord count: 0
2021 06 24 07-07-16 Bot was successfully shutdown
2021 06 24 07-07-16 Bot DISconnected from Discord
2021 06 24 07-07-27 Bot Program was started
2021 06 24 07-07-39 Bot connection to Discord count: 0
2021 06 24 07-23-15 Bot was successfully shutdown
2021 06 24 07-23-15 Bot DISconnected from Discord
2021 06 24 07-23-26 Bot Program was started
2021 06 24 07-23-42 Bot Program was started
2021 06 24 07-23-54 Bot connection to Discord count: 0
2021 06 24 07-26-31 Bot was successfully shutdown
2021 06 24 07-26-31 Bot DISconnected from Discord
2021 06 24 07-59-59 Bot Program was started
2021 06 24 08-00-12 Bot connection to Discord count: 0
2021 06 24 08-00-50 Bot was successfully shutdown
2021 06 24 08-00-50 Bot DISconnected from Discord
2021 06 24 08-02-42 Bot Program was started
2021 06 24 08-02-53 Bot connection to Discord count: 0
2021 06 24 08-03-33 Bot was successfully shutdown
2021 06 24 08-03-33 Bot DISconnected from Discord
2021 06 24 08-06-22 Bot Program was started
2021 06 24 08-06-35 Bot connection to Discord count: 0
2021 06 24 08-07-05 Bot was successfully shutdown
2021 06 24 08-07-05 Bot DISconnected from Discord
2021 07 31 14-29-11 Bot Program was started
2021 07 31 14-29-34 Bot connection to Discord count: 0
2021 07 31 14-34-36 Bot was successfully shutdown
2021 07 31 14-34-36 Bot DISconnected from Discord
2021 07 31 14-38-02 Bot Program was started
2021 07 31 14-38-22 Bot connection to Discord count: 0
2021 07 31 14-39-50 Bot was successfully shutdown
2021 07 31 14-39-50 Bot DISconnected from Discord
2021 07 31 14-45-23 Bot Program was started
2021 07 31 14-45-43 Bot connection to Discord count: 0
2021 07 31 14-48-16 Bot was successfully shutdown
2021 07 31 14-48-16 Bot DISconnected from Discord
2021 07 31 14-50-45 Bot Program was started
2021 07 31 14-51-05 Bot connection to Discord count: 0
2021 07 31 14-53-24 Bot was successfully shutdown
2021 07 31 14-53-24 Bot DISconnected from Discord
2021 07 31 14-53-56 Bot Program was started
2021 07 31 14-54-18 Bot connection to Discord count: 0
2021 07 31 14-59-35 Bot was successfully shutdown
2021 07 31 14-59-35 Bot DISconnected from Discord
2021 07 31 14-59-54 Bot Program was started
2021 07 31 15-00-16 Bot connection to Discord count: 0
2021 07 31 15-06-29 Bot was successfully shutdown
2021 07 31 15-06-29 Bot DISconnected from Discord
2021 07 31 15-06-41 Bot Program was started
2021 07 31 15-07-00 Bot connection to Discord count: 0
2021 07 31 15-09-10 Bot was successfully shutdown
2021 07 31 15-09-10 Bot DISconnected from Discord
2021 10 08 20-58-07 Bot Program was started
2021 10 08 20-58-36 Bot connection to Discord count: 0
2021 10 08 21-07-48 Bot was successfully shutdown
2021 10 08 21-07-48 Bot DISconnected from Discord
2021 10 08 21-12-57 Bot Program was started
2021 10 08 21-13-22 Bot connection to Discord count: 0
2021 10 08 21-20-37 Bot was successfully shutdown
2021 10 08 21-20-37 Bot DISconnected from Discord
2021 10 08 21-20-48 Bot Program was started
2021 10 08 21-21-11 Bot connection to Discord count: 0
2021 10 08 21-26-38 Bot was successfully shutdown
2021 10 08 21-26-38 Bot DISconnected from Discord
2021 10 08 23-13-54 Bot Program was started
2021 10 08 23-14-18 Bot connection to Discord count: 0
2021 10 08 23-19-08 Bot was successfully shutdown
2021 10 08 23-19-08 Bot DISconnected from Discord
2021 10 08 23-19-18 Bot Program was started
2021 10 08 23-19-41 Bot connection to Discord count: 0
2021 10 08 23-20-24 Bot was successfully shutdown
2021 10 08 23-20-24 Bot DISconnected from Discord
2022 01 01 14-13-05 Bot Program was started
2022 01 01 14-13-40 Bot connection to Discord count: 0
2022 01 01 14-15-22 Bot was successfully shutdown
2022 01 01 14-15-22 Bot DISconnected from Discord
2022 01 01 14-27-56 Bot Program was started
2022 01 01 14-28-29 Bot connection to Discord count: 0
2022 01 01 14-53-54 Bot DISconnected from Discord
2022 01 01 14-53-57 Bot DISconnected from Discord
2022 01 01 14-54-03 Bot connection to Discord count: 1
2022 01 01 15-04-08 Bot was successfully shutdown
2022 01 01 15-04-08 Bot DISconnected from Discord
2022 01 01 15-04-26 Bot Program was started
2022 01 01 15-04-55 Bot connection to Discord count: 0
2022 01 01 15-06-43 Bot was successfully shutdown
2022 01 01 15-06-43 Bot DISconnected from Discord
2022 01 03 14-32-18 Bot Program was started
2022 01 03 14-32-50 Bot connection to Discord count: 0
2022 01 03 14-35-40 Bot was successfully shutdown
2022 01 03 14-35-40 Bot DISconnected from Discord
2022 01 03 14-43-24 Bot Program was started
2022 01 03 14-43-54 Bot connection to Discord count: 0
2022 01 03 14-46-26 Bot was successfully shutdown
2022 01 03 14-46-26 Bot DISconnected from Discord
2022 01 03 14-46-33 Bot Program was started
2022 01 03 14-47-03 Bot connection to Discord count: 0
2022 01 03 14-50-34 Bot was successfully shutdown
2022 01 03 14-50-34 Bot DISconnected from Discord
2022 01 03 14-50-42 Bot Program was started
2022 01 03 14-51-13 Bot connection to Discord count: 0
2022 01 03 14-53-19 Bot was successfully shutdown
2022 01 03 14-53-19 Bot DISconnected from Discord
2022 01 04 19-19-32 Bot Program was started
2022 01 04 19-20-01 Bot connection to Discord count: 0
2022 01 04 19-25-41 Bot was successfully shutdown
2022 01 04 19-25-41 Bot DISconnected from Discord
2022 01 15 15-21-10 Bot Program was started
2022 01 15 15-21-42 Bot connection to Discord count: 0
2022 01 15 15-28-12 Bot was successfully shutdown
2022 01 15 15-28-12 Bot DISconnected from Discord
